	Prbs		velocidad
0	-40.000000	0.000000
1	-40.000000	0.000000
2	-40.000000	0.000000
3	-40.000000	17.247113
4	-40.000000	53.406808
5	-40.000000	36.160249
6	-40.000000	35.740950
7	-40.000000	27.245892
8	-40.000000	52.424088
9	-40.000000	35.975141
10	-40.000000	35.872306
11	-40.000000	51.821039
12	-40.000000	35.843032
13	-40.000000	35.872306
14	-40.000000	35.813806
15	-40.000000	52.185325
16	-40.000000	52.056473
17	-40.000000	35.984965
18	-40.000000	35.872306
19	-40.000000	35.862542
20	-40.000000	35.945699
21	-40.000000	36.036632
22	-40.000000	35.416731
23	-40.000000	35.588912
24	-40.000000	51.186927
25	-40.000000	51.522169
26	-40.000000	35.955508
27	-40.000000	51.800667
28	-40.000000	35.975141
29	-40.000000	35.731258
30	-40.000000	35.840595
31	-40.000000	35.782199
32	-40.000000	35.945699
33	-40.000000	35.823543
34	-40.000000	35.782199
35	-40.000000	35.840595
36	-40.000000	36.007090
37	-40.000000	35.779770
38	-40.000000	35.569698
39	-40.000000	35.772484
40	-40.000000	34.541699
41	-40.000000	35.772484
42	-40.000000	51.994849
43	-40.000000	51.948727
44	-40.000000	51.693977
45	-40.000000	35.904073
46	-40.000000	50.939575
47	-40.000000	35.904073
48	-40.000000	35.760349
49	-40.000000	35.811373
50	-40.000000	35.935896
51	-40.000000	35.843032
52	-40.000000	35.567298
53	-40.000000	52.185325
54	-40.000000	52.097636
55	-40.000000	35.945699
56	-40.000000	51.861831
57	-40.000000	52.206001
58	-40.000000	52.102786
59	-40.000000	52.340793
60	-40.000000	36.046491
61	-40.000000	35.852785
62	-40.000000	35.833285
63	-40.000000	52.429303
64	-40.000000	35.904073
65	-40.000000	51.923139
66	-40.000000	35.670803
67	-40.000000	36.100807
68	-40.000000	36.007090
69	-40.000000	36.100807
70	-40.000000	52.622982
71	-40.000000	35.984965
72	-40.000000	35.760349
73	-40.000000	35.740950
74	-40.000000	52.164666
75	-40.000000	35.945699
76	-40.000000	52.144023
77	-40.000000	52.185325
78	-40.000000	35.862542
79	-40.000000	35.965321
80	-40.000000	35.884517
81	-40.000000	35.519360
82	-40.000000	52.622982
83	-40.000000	36.029242
84	-40.000000	35.821108
85	-40.000000	35.791918
86	-40.000000	52.185325
87	-40.000000	35.965321
88	-40.000000	36.068691
89	-40.000000	36.039096
90	-40.000000	35.894292
91	-40.000000	35.955508
92	-40.000000	35.791918
93	-40.000000	35.760349
94	-40.000000	36.026780
95	-40.000000	34.600656
96	-40.000000	35.945699
97	-40.000000	35.884517
98	-40.000000	52.056473
99	-40.000000	36.026780
100	-40.000000	35.852785
101	-40.000000	35.830849
102	-40.000000	35.711890
103	-40.000000	35.843032
104	-40.000000	35.975141
105	-40.000000	35.731258
106	-40.000000	35.779770
107	-40.000000	35.801643
108	-40.000000	36.110701
109	-40.000000	35.997253
110	-40.000000	35.801643
111	-40.000000	34.165540
112	-40.000000	35.690126
113	-40.000000	51.251632
114	-40.000000	35.935896
115	-40.000000	35.772484
116	-40.000000	35.997253
117	-40.000000	51.633208
118	-40.000000	52.686104
119	-40.000000	35.811373
120	-40.000000	52.164666
121	-40.000000	35.843032
122	-40.000000	52.382408
123	-40.000000	35.943248
124	-40.000000	52.102786
125	-40.000000	52.102786
126	-40.000000	35.923649
127	-40.000000	27.264214
128	-40.000000	35.801643
129	-40.000000	35.923649
130	-40.000000	36.247286
131	-40.000000	36.048956
132	-40.000000	36.098335
133	-40.000000	52.082192
134	-40.000000	36.172657
135	-40.000000	36.120599
136	-40.000000	35.740950
137	-40.000000	35.862542
138	-40.000000	52.273310
139	-40.000000	35.894292
140	-40.000000	52.056473
141	-40.000000	52.015374
142	-40.000000	36.004630
143	-40.000000	52.097636
144	-40.000000	35.843032
145	-40.000000	35.923649
146	-40.000000	52.361592
147	-40.000000	35.904073
148	-40.000000	52.118242
149	-40.000000	52.051332
150	-40.000000	34.165540
151	-40.000000	35.933446
152	-40.000000	35.639447
153	-40.000000	35.528937
154	-40.000000	35.782199
155	-40.000000	35.779770
156	-40.000000	35.740950
157	-40.000000	51.928255
158	-40.000000	34.316804
159	-40.000000	51.714265
160	-40.000000	35.740950
161	-40.000000	35.789488
162	-40.000000	51.841427
163	-40.000000	35.288684
164	-40.000000	35.627402
165	-40.000000	35.945699
166	-40.000000	35.843032
167	-40.000000	35.894292
168	-40.000000	39.416077
169	-40.000000	39.295593
170	-40.000000	39.146746
171	-40.000000	39.956924
172	-40.000000	39.719049
173	-40.000000	40.124222
174	-40.000000	52.035915
175	-40.000000	35.388196
176	-40.000000	52.560011
177	-40.000000	52.644006
178	-40.000000	35.987422
179	-40.000000	52.444954
180	-40.000000	35.833285
181	-40.000000	47.889495
182	-40.000000	35.598527
183	-40.000000	35.904073
184	-40.000000	35.658737
185	-40.000000	35.670803
186	-40.000000	50.106644
187	-40.000000	51.567536
188	-40.000000	35.935896
189	-40.000000	35.721571
190	-40.000000	35.347850
191	-40.000000	35.620179
192	-40.000000	35.955508
193	-40.000000	35.965321
194	-40.000000	35.965321
195	-40.000000	51.714265
196	-40.000000	52.231869
197	-40.000000	51.948727
198	-40.000000	51.522169
199	-40.000000	35.770057
200	-40.000000	51.948727
201	-40.000000	51.371519
202	-40.000000	35.782199
203	-40.000000	51.841427
204	-40.000000	35.770057
205	-40.000000	35.760349
206	-40.000000	35.478715
207	-40.000000	35.923649
208	-40.000000	51.206819
209	-40.000000	52.015374
210	-40.000000	35.042337
211	-40.000000	36.202472
212	-40.000000	35.852785
213	-40.000000	35.740950
214	-40.000000	35.833285
215	-40.000000	36.016932
216	-40.000000	52.118242
217	-40.000000	36.026780
218	-40.000000	35.658737
219	-40.000000	35.935896
220	-40.000000	35.811373
221	-40.000000	35.680462
222	-40.000000	35.033020
223	-40.000000	51.969216
224	-40.000000	35.091331
225	-40.000000	35.923649
226	-40.000000	51.043171
227	-40.000000	35.567298
228	-40.000000	35.687710
229	-40.000000	35.862542
230	-40.000000	35.821108
231	-40.000000	35.728836
232	-40.000000	36.058821
233	-40.000000	35.782199
234	-40.000000	51.928255
235	-40.000000	35.830849
236	-40.000000	52.097636
237	-40.000000	52.144023
238	-40.000000	52.512881
239	-40.000000	35.801643
240	-40.000000	39.454434
241	-40.000000	57.647576
242	-40.000000	39.617542
243	-40.000000	39.319044
244	-40.000000	29.933654
245	-40.000000	39.354274
246	-40.000000	39.629458
247	-40.000000	38.382740
248	-40.000000	35.560099
249	-40.000000	35.478715
250	-40.000000	35.567298
251	-40.000000	35.557700
252	-40.000000	35.579302
253	-40.000000	36.078567
254	-40.000000	35.801643
255	-40.000000	35.469165
256	-40.000000	52.206001
257	-40.000000	36.142891
258	-40.000000	35.821108
259	-40.000000	35.760349
260	-40.000000	35.840595
261	-40.000000	51.861831
262	-40.000000	51.542322
263	-40.000000	39.377795
264	-40.000000	39.454434
265	-40.000000	39.593734
266	-40.000000	38.382740
267	-40.000000	35.347850
268	-40.000000	52.444954
269	-40.000000	51.376526
270	-40.000000	35.326527
271	-40.000000	35.821108
272	-40.000000	35.731258
273	-40.000000	52.159504
274	-40.000000	51.969216
275	-40.000000	35.428634
276	-40.000000	51.587725
277	-40.000000	51.376526
278	-40.000000	35.450080
279	-40.000000	35.538520
280	-40.000000	35.388196
281	-40.000000	35.620179
282	-40.000000	35.629810
283	-40.000000	35.975141
284	-40.000000	35.629810
285	-40.000000	51.969216
286	-40.000000	36.088448
287	-40.000000	52.382408
288	-40.000000	51.928255
289	-40.000000	51.311506
290	-40.000000	51.502031
291	-40.000000	35.782199
292	-40.000000	35.760349
293	-40.000000	35.750647
294	-40.000000	35.933446
295	-40.000000	52.102786
296	-40.000000	52.252581
297	-40.000000	51.391555
298	-40.000000	35.728836
299	-40.000000	52.164666
300	0.000000	52.294055
301	0.000000	35.699796
302	0.000000	35.791918
303	0.000000	35.791918
304	0.000000	35.791918
305	0.000000	35.791918
306	0.000000	35.791918
307	0.000000	35.791918
308	0.000000	35.791918
309	0.000000	35.791918
310	0.000000	35.791918
311	0.000000	35.791918
312	0.000000	35.791918
313	0.000000	35.791918
314	0.000000	35.791918
315	0.000000	35.791918
316	0.000000	35.791918
317	0.000000	35.791918
318	0.000000	35.791918
319	0.000000	35.791918
320	0.000000	35.791918
321	0.000000	35.791918
322	0.000000	35.791918
323	0.000000	35.791918
324	0.000000	35.791918
325	0.000000	35.791918
326	0.000000	35.791918
327	0.000000	35.791918
328	0.000000	35.791918
329	0.000000	35.791918
330	0.000000	35.791918
331	0.000000	35.791918
332	0.000000	35.791918
333	0.000000	35.791918
334	0.000000	35.791918
335	0.000000	35.791918
336	0.000000	35.791918
337	0.000000	35.791918
338	0.000000	35.791918
339	0.000000	35.791918
340	0.000000	35.791918
341	0.000000	35.791918
342	0.000000	35.791918
343	0.000000	35.791918
344	0.000000	35.791918
345	0.000000	35.791918
346	0.000000	35.791918
347	0.000000	35.791918
348	0.000000	35.791918
349	0.000000	35.791918
350	0.000000	35.791918
351	0.000000	35.791918
352	0.000000	35.791918
353	0.000000	35.791918
354	0.000000	35.791918
355	0.000000	35.791918
356	0.000000	35.791918
357	0.000000	35.791918
358	0.000000	35.791918
359	0.000000	35.791918
360	0.000000	35.791918
361	0.000000	35.791918
362	0.000000	35.791918
363	0.000000	35.791918
364	0.000000	35.791918
365	0.000000	35.791918
366	0.000000	35.791918
367	0.000000	35.791918
368	0.000000	35.791918
369	0.000000	35.791918
370	0.000000	35.791918
371	0.000000	35.791918
372	0.000000	35.791918
373	0.000000	35.791918
374	0.000000	35.791918
375	0.000000	35.791918
376	0.000000	35.791918
377	0.000000	35.791918
378	0.000000	35.791918
379	0.000000	35.791918
380	0.000000	35.791918
381	0.000000	35.791918
382	0.000000	35.791918
383	0.000000	35.791918
384	0.000000	35.791918
385	0.000000	35.791918
386	0.000000	35.791918
387	0.000000	35.791918
388	0.000000	35.791918
389	0.000000	35.791918
390	0.000000	35.791918
391	0.000000	35.791918
392	0.000000	35.791918
393	0.000000	35.791918
394	0.000000	35.791918
395	0.000000	35.791918
396	0.000000	35.791918
397	0.000000	35.791918
398	0.000000	35.791918
399	0.000000	35.791918
400	0.000000	35.791918
401	0.000000	35.791918
402	0.000000	35.791918
403	0.000000	35.791918
404	0.000000	35.791918
405	0.000000	35.791918
406	0.000000	35.791918
407	0.000000	35.791918
408	0.000000	35.791918
409	0.000000	35.791918
410	0.000000	35.791918
411	0.000000	35.791918
412	0.000000	35.791918
413	0.000000	35.791918
414	0.000000	35.791918
415	0.000000	35.791918
416	0.000000	35.791918
417	0.000000	35.791918
418	0.000000	35.791918
419	0.000000	35.791918
420	0.000000	35.791918
421	0.000000	35.791918
422	0.000000	35.791918
423	0.000000	35.791918
424	0.000000	35.791918
425	0.000000	35.791918
426	0.000000	35.791918
427	0.000000	35.791918
428	0.000000	35.791918
429	0.000000	35.791918
430	0.000000	35.791918
431	0.000000	35.791918
432	0.000000	35.791918
433	0.000000	35.791918
434	0.000000	35.791918
435	0.000000	35.791918
436	0.000000	35.791918
437	0.000000	35.791918
438	0.000000	35.791918
439	0.000000	35.791918
440	0.000000	35.791918
441	0.000000	35.791918
442	0.000000	35.791918
443	0.000000	35.791918
444	0.000000	35.791918
445	0.000000	35.791918
446	0.000000	35.791918
447	0.000000	35.791918
448	0.000000	35.791918
449	0.000000	35.791918
450	0.000000	35.791918
451	0.000000	35.791918
452	0.000000	35.791918
453	0.000000	35.791918
454	0.000000	35.791918
455	0.000000	35.791918
456	0.000000	35.791918
457	0.000000	35.791918
458	0.000000	35.791918
459	0.000000	35.791918
460	0.000000	35.791918
461	0.000000	35.791918
462	0.000000	35.791918
463	0.000000	35.791918
464	0.000000	35.791918
465	0.000000	35.791918
466	0.000000	35.791918
467	0.000000	35.791918
468	0.000000	35.791918
469	0.000000	35.791918
470	0.000000	35.791918
471	0.000000	35.791918
472	0.000000	35.791918
473	0.000000	35.791918
474	0.000000	35.791918
475	0.000000	35.791918
476	0.000000	35.791918
477	0.000000	35.791918
478	0.000000	35.791918
479	0.000000	35.791918
480	0.000000	35.791918
481	0.000000	35.791918
482	0.000000	35.791918
483	0.000000	35.791918
484	0.000000	35.791918
485	0.000000	35.791918
486	0.000000	35.791918
487	0.000000	35.791918
488	0.000000	35.791918
489	0.000000	35.791918
490	0.000000	35.791918
491	0.000000	35.791918
492	0.000000	35.791918
493	0.000000	35.791918
494	0.000000	35.791918
495	0.000000	35.791918
496	0.000000	35.791918
497	0.000000	35.791918
498	0.000000	35.791918
499	0.000000	35.791918
500	0.000000	35.791918
501	0.000000	35.791918
502	0.000000	35.791918
503	0.000000	35.791918
504	0.000000	35.791918
505	0.000000	35.791918
506	0.000000	35.791918
507	0.000000	35.791918
508	0.000000	35.791918
509	0.000000	35.791918
510	0.000000	35.791918
511	0.000000	35.791918
512	0.000000	35.791918
513	0.000000	35.791918
514	0.000000	35.791918
515	0.000000	35.791918
516	0.000000	35.791918
517	0.000000	35.791918
518	0.000000	35.791918
519	0.000000	35.791918
520	0.000000	35.791918
521	0.000000	35.791918
522	0.000000	35.791918
523	0.000000	35.791918
524	0.000000	35.791918
525	0.000000	35.791918
526	0.000000	35.791918
527	0.000000	35.791918
528	0.000000	35.791918
529	0.000000	35.791918
530	0.000000	35.791918
531	0.000000	35.791918
532	0.000000	35.791918
533	0.000000	35.791918
534	0.000000	35.791918
535	0.000000	35.791918
536	0.000000	35.791918
537	0.000000	35.791918
538	0.000000	35.791918
539	0.000000	35.791918
540	0.000000	35.791918
541	0.000000	35.791918
542	0.000000	35.791918
543	0.000000	35.791918
544	0.000000	35.791918
545	0.000000	35.791918
546	0.000000	35.791918
547	0.000000	35.791918
548	0.000000	35.791918
549	0.000000	35.791918
550	0.000000	35.791918
551	0.000000	35.791918
552	0.000000	35.791918
553	0.000000	35.791918
554	0.000000	35.791918
555	0.000000	35.791918
556	0.000000	35.791918
557	0.000000	35.791918
558	0.000000	35.791918
559	0.000000	35.791918
560	0.000000	35.791918
561	0.000000	35.791918
562	0.000000	35.791918
563	0.000000	35.791918
564	0.000000	35.791918
565	0.000000	35.791918
566	0.000000	35.791918
567	0.000000	35.791918
568	0.000000	35.791918
569	0.000000	35.791918
570	0.000000	35.791918
571	0.000000	35.791918
572	0.000000	35.791918
573	0.000000	35.791918
574	0.000000	35.791918
575	0.000000	35.791918
576	0.000000	35.791918
577	0.000000	35.791918
578	0.000000	35.791918
579	0.000000	35.791918
580	0.000000	35.791918
581	0.000000	35.791918
582	0.000000	35.791918
583	0.000000	35.791918
584	0.000000	35.791918
585	0.000000	35.791918
586	0.000000	35.791918
587	0.000000	35.791918
588	0.000000	35.791918
589	0.000000	35.791918
590	0.000000	35.791918
591	0.000000	35.791918
592	0.000000	35.791918
593	0.000000	35.791918
594	0.000000	35.791918
595	0.000000	35.791918
596	0.000000	35.791918
597	0.000000	35.791918
598	0.000000	35.791918
599	0.000000	35.791918
600	-40.000000	35.791918
601	-40.000000	35.791918
602	-40.000000	0.041049
603	-40.000000	56.704872
604	-40.000000	38.843819
605	-40.000000	37.233102
606	-40.000000	37.726132
607	-40.000000	46.751090
608	-40.000000	33.190918
609	-40.000000	32.802576
610	-40.000000	32.896754
611	-40.000000	32.377406
612	-40.000000	32.870083
613	-40.000000	32.929638
614	-40.000000	47.207504
615	-40.000000	32.894700
616	-40.000000	33.428793
617	-40.000000	47.742010
618	-40.000000	32.904968
619	-40.000000	33.149169
620	-40.000000	47.651368
621	-40.000000	47.582539
622	-40.000000	47.313446
623	-40.000000	47.780961
624	-40.000000	33.262135
625	-40.000000	47.454019
626	-40.000000	47.798294
627	-40.000000	33.155425
628	-40.000000	48.147601
629	-40.000000	47.565363
630	-40.000000	47.152602
631	-40.000000	32.939928
632	-40.000000	33.323120
633	-40.000000	45.629970
634	-40.000000	47.763642
635	-40.000000	46.544665
636	-40.000000	46.992848
637	-40.000000	33.147084
638	-40.000000	46.474895
639	-40.000000	47.616929
640	-40.000000	47.441205
641	-40.000000	32.931695
642	-40.000000	32.403282
643	-40.000000	32.794412
644	-40.000000	47.135735
645	-40.000000	47.690172
646	-40.000000	46.458509
647	-40.000000	33.403371
648	-40.000000	32.792371
649	-40.000000	33.043181
650	-40.000000	33.174206
651	-40.000000	33.447886
652	-40.000000	47.458291
653	-40.000000	33.120007
654	-40.000000	47.561071
655	-40.000000	48.090491
656	-40.000000	47.638448
657	-40.000000	47.313446
658	-40.000000	47.655677
659	-40.000000	48.090491
660	-40.000000	47.981046
661	-40.000000	33.165856
662	-40.000000	47.746334
663	-40.000000	47.690172
664	-40.000000	47.436935
665	-40.000000	47.928688
666	-40.000000	33.193009
667	-40.000000	47.616929
668	-40.000000	47.173703
669	-40.000000	32.717057
670	-40.000000	33.245350
671	-40.000000	32.605740
672	-40.000000	32.595658
673	-40.000000	47.030587
674	-40.000000	46.643521
675	-40.000000	32.794412
676	-40.000000	32.810744
677	-40.000000	32.999736
678	-40.000000	47.531047
679	-40.000000	47.419864
680	-40.000000	47.169481
681	-40.000000	46.454414
682	-40.000000	48.037895
683	-40.000000	32.991474
684	-40.000000	46.368592
685	-40.000000	47.946128
686	-40.000000	48.037895
687	-40.000000	47.872097
688	-40.000000	47.815639
689	-40.000000	33.182560
690	-40.000000	47.634142
691	-40.000000	47.832996
692	-40.000000	33.130416
693	-40.000000	33.105445
694	-40.000000	47.492502
695	-40.000000	47.385758
696	-40.000000	47.436935
697	-40.000000	47.207504
698	-40.000000	31.606607
699	-40.000000	47.746334
700	-40.000000	47.351701
701	-40.000000	47.135735
702	-40.000000	47.135735
703	-40.000000	32.913188
704	-40.000000	32.503193
705	-40.000000	32.829136
706	-40.000000	47.690172
707	-40.000000	32.939928
708	-40.000000	47.080999
709	-40.000000	33.103365
710	-40.000000	47.241354
711	-40.000000	46.664169
712	-40.000000	32.991474
713	-40.000000	33.103365
714	-40.000000	47.135735
715	-40.000000	47.080999
716	-40.000000	47.097827
717	-40.000000	33.043181
718	-40.000000	47.080999
719	-40.000000	47.763642
720	-40.000000	33.182560
721	-40.000000	47.889495
722	-40.000000	47.819977
723	-40.000000	47.424130
724	-40.000000	47.279493
725	-40.000000	33.403371
726	-40.000000	46.871657
727	-40.000000	47.906907
728	-40.000000	47.241354
729	-40.000000	47.492502
730	-40.000000	54.097484
731	-40.000000	47.347447
732	-40.000000	46.335981
733	-40.000000	33.113764
734	-40.000000	32.929638
735	-40.000000	47.279493
736	-40.000000	47.837338
737	-40.000000	33.278936
738	-40.000000	33.149169
739	-40.000000	46.214098
740	-40.000000	47.492502
741	-40.000000	32.664340
742	-40.000000	46.372672
743	-40.000000	47.030587
744	-40.000000	33.182560
745	-40.000000	46.788441
746	-40.000000	47.526762
747	-40.000000	34.334687
748	-40.000000	34.296706
749	-40.000000	50.427840
750	-40.000000	55.283384
751	-40.000000	50.797204
752	-40.000000	50.509994
753	-40.000000	46.821692
754	-40.000000	50.792309
755	-40.000000	35.791918
756	-40.000000	37.669510
757	-40.000000	47.296463
758	-40.000000	33.209740
759	-40.000000	33.103365
760	-40.000000	47.458291
761	-40.000000	47.258297
762	-40.000000	33.201372
763	-40.000000	33.026617
764	-40.000000	47.548199
765	-40.000000	32.861886
766	-40.000000	47.402805
767	-40.000000	47.963580
768	-40.000000	33.314695
769	-40.000000	47.330440
770	-40.000000	33.105445
771	-40.000000	33.018341
772	-40.000000	47.599728
773	-40.000000	34.249905
774	-40.000000	49.630112
775	-40.000000	47.638448
776	-40.000000	35.997253
777	-40.000000	48.275489
778	-40.000000	33.165856
779	-40.000000	47.832996
780	-40.000000	34.790217
781	-40.000000	46.149355
782	-40.000000	51.082747
783	-40.000000	49.949942
784	-40.000000	53.428463
785	-40.000000	34.314569
786	-40.000000	54.214337
787	-40.000000	47.638448
788	-40.000000	33.103365
789	-40.000000	33.113764
790	-40.000000	47.351701
791	-40.000000	33.174206
792	-40.000000	47.030587
793	-40.000000	32.717057
794	-40.000000	32.983216
795	-40.000000	33.182560
796	-40.000000	32.904968
797	-40.000000	33.155425
798	-40.000000	47.279493
799	-40.000000	48.090491
800	-40.000000	47.832996
801	-40.000000	47.763642
802	-40.000000	47.690172
803	-40.000000	33.331549
804	-40.000000	33.165856
805	-40.000000	45.876211
806	-40.000000	46.299349
807	-40.000000	47.080999
808	-40.000000	47.832996
809	-40.000000	45.417646
810	-40.000000	47.509626
811	-40.000000	50.389272
812	-40.000000	47.013807
813	-40.000000	46.717939
814	-40.000000	48.072946
815	-40.000000	32.479159
816	-40.000000	34.278862
817	-40.000000	47.203276
818	-40.000000	31.903141
819	-40.000000	47.152602
820	-40.000000	47.872097
821	-40.000000	33.140832
822	-40.000000	47.526762
823	-40.000000	32.513219
824	-40.000000	47.009613
825	-40.000000	33.226488
826	-40.000000	33.149169
827	-40.000000	47.565363
828	-40.000000	33.051470
829	-40.000000	47.351701
830	-40.000000	47.458291
831	-40.000000	47.441205
832	-40.000000	47.672918
833	-40.000000	34.072777
834	-40.000000	49.808334
835	-40.000000	47.548199
836	-40.000000	34.580225
837	-40.000000	34.307869
838	-40.000000	54.494601
839	-40.000000	50.811895
840	-40.000000	50.163870
841	-40.000000	50.509994
842	-40.000000	54.258986
843	-40.000000	54.823360
844	-40.000000	38.207451
845	-40.000000	37.761268
846	-40.000000	33.026617
847	-40.000000	33.130416
848	-40.000000	32.983216
849	-40.000000	47.030587
850	-40.000000	32.878285
851	-40.000000	46.871657
852	-40.000000	47.279493
853	-40.000000	47.906907
854	-40.000000	47.080999
855	-40.000000	32.983216
856	-40.000000	32.837318
857	-40.000000	33.314695
858	-40.000000	47.296463
859	-40.000000	33.138748
860	-40.000000	47.241354
861	-40.000000	33.325227
862	-40.000000	47.798294
863	-40.000000	33.190918
864	-40.000000	47.385758
865	-40.000000	47.634142
866	-40.000000	47.837338
867	-40.000000	51.186927
868	-40.000000	47.854711
869	-40.000000	33.323120
870	-40.000000	33.199281
871	-40.000000	47.224423
872	-40.000000	47.798294
873	-40.000000	48.072946
874	-40.000000	33.130416
875	-40.000000	47.763642
876	-40.000000	47.707439
877	-40.000000	45.234448
878	-40.000000	53.585989
879	-40.000000	37.399545
880	-40.000000	37.188442
881	-40.000000	37.378327
882	-40.000000	37.343899
883	-40.000000	37.102054
884	-40.000000	37.122960
885	-40.000000	36.982303
886	-40.000000	28.436568
887	-40.000000	37.322744
888	-40.000000	37.256788
889	-40.000000	37.267326
890	-40.000000	37.815453
891	-40.000000	37.522018
892	-40.000000	37.522018
893	-40.000000	37.634544
894	-40.000000	37.333318
895	-40.000000	37.897022
896	-40.000000	37.399545
897	-40.000000	53.728011
898	-40.000000	37.343899
899	-40.000000	37.301613
900	40.000000	37.188442
901	40.000000	37.388933
902	40.000000	28.256676
903	40.000000	10.556426
904	40.000000	54.398987
905	40.000000	54.823360
906	40.000000	36.958964
907	40.000000	22.715674
908	40.000000	36.894287
909	40.000000	37.466007
910	40.000000	37.212072
911	40.000000	37.102054
912	40.000000	37.402199
913	40.000000	37.623798
914	40.000000	54.075283
915	40.000000	37.365078
916	40.000000	37.256788
917	40.000000	37.333318
918	40.000000	37.277869
919	40.000000	37.500661
920	40.000000	37.026469
921	40.000000	37.309534
922	40.000000	37.246257
923	40.000000	37.357133
924	40.000000	37.222584
925	40.000000	49.392914
926	40.000000	47.279493
927	40.000000	34.000244
928	40.000000	32.725182
929	40.000000	32.656244
930	40.000000	33.034897
931	40.000000	47.313446
932	40.000000	46.507702
933	40.000000	32.974962
934	40.000000	47.224423
935	40.000000	47.436935
936	40.000000	47.169481
937	40.000000	46.388997
938	40.000000	46.850825
939	40.000000	35.852785
940	40.000000	47.313446
941	40.000000	47.621231
942	40.000000	32.489169
943	40.000000	34.019995
944	40.000000	35.762776
945	40.000000	49.107592
946	40.000000	36.058821
947	40.000000	32.913188
948	40.000000	46.976095
949	40.000000	32.759760
950	40.000000	33.043181
951	40.000000	32.853692
952	40.000000	32.784213
953	40.000000	32.981152
954	40.000000	33.236965
955	40.000000	47.385758
956	40.000000	34.428884
957	40.000000	33.078435
958	40.000000	47.330440
959	40.000000	46.997038
960	40.000000	47.561071
961	40.000000	33.045253
962	40.000000	33.209740
963	40.000000	47.402805
964	40.000000	34.130142
965	40.000000	49.588088
966	40.000000	34.381721
967	40.000000	47.258297
968	40.000000	35.904073
969	40.000000	36.214909
970	40.000000	53.520693
971	40.000000	35.801643
972	40.000000	32.656244
973	40.000000	47.492502
974	40.000000	49.983100
975	40.000000	32.571486
976	40.000000	46.850825
977	40.000000	33.078435
978	40.000000	34.886933
979	40.000000	33.734753
980	40.000000	32.741445
981	40.000000	32.413246
982	40.000000	32.463155
983	40.000000	32.613810
984	40.000000	32.835272
985	40.000000	33.201372
986	40.000000	32.861886
987	40.000000	47.135735
988	40.000000	46.959354
989	40.000000	33.270533
990	40.000000	32.888543
991	40.000000	47.279493
992	40.000000	46.921729
993	40.000000	49.690939
994	40.000000	47.780961
995	40.000000	32.948164
996	40.000000	47.798294
997	40.000000	47.651368
998	40.000000	47.169481
999	40.000000	33.008003
1000	40.000000	47.169481
1001	40.000000	47.763642
1002	40.000000	47.169481
1003	40.000000	47.889495
1004	40.000000	32.725182
1005	40.000000	33.325227
1006	40.000000	33.051470
1007	40.000000	32.640066
1008	40.000000	32.751618
1009	40.000000	32.845503
1010	40.000000	47.279493
1011	40.000000	32.455159
1012	40.000000	32.964650
1013	40.000000	32.715026
1014	40.000000	33.157510
1015	40.000000	33.138748
1016	40.000000	33.339983
1017	40.000000	32.776058
1018	40.000000	47.436935
1019	40.000000	47.780961
1020	40.000000	33.428793
1021	40.000000	47.275252
1022	40.000000	47.802629
1023	40.000000	47.241354
1024	40.000000	44.110117
1025	40.000000	47.763642
1026	40.000000	33.147084
1027	40.000000	47.102036
1028	40.000000	47.616929
1029	40.000000	47.241354
1030	40.000000	46.610522
1031	40.000000	47.207504
1032	40.000000	32.827092
1033	40.000000	46.454414
1034	40.000000	32.921411
1035	40.000000	47.102036
1036	40.000000	47.275252
1037	40.000000	33.165856
1038	40.000000	46.438043
1039	40.000000	46.871657
1040	40.000000	47.152602
1041	40.000000	33.034897
1042	40.000000	33.147084
1043	40.000000	47.565363
1044	40.000000	32.983216
1045	40.000000	47.241354
1046	40.000000	47.275252
1047	40.000000	48.200438
1048	40.000000	33.130416
1049	40.000000	32.674464
1050	40.000000	47.279493
1051	40.000000	33.437276
1052	40.000000	47.330440
1053	40.000000	33.174206
1054	40.000000	47.347447
1055	40.000000	48.016014
1056	40.000000	47.368723
1057	40.000000	33.218112
1058	40.000000	47.351701
1059	40.000000	33.350531
1060	40.000000	33.111684
1061	40.000000	47.707439
1062	40.000000	47.634142
1063	40.000000	48.072946
1064	40.000000	47.776630
1065	40.000000	47.543910
1066	40.000000	47.279493
1067	40.000000	31.345334
1068	40.000000	33.034897
1069	40.000000	33.130416
1070	40.000000	45.041171
1071	40.000000	46.800904
1072	40.000000	32.999736
1073	40.000000	32.886491
1074	40.000000	32.896754
1075	40.000000	33.130416
1076	40.000000	47.402805
1077	40.000000	33.053542
1078	40.000000	47.458291
1079	40.000000	47.047379
1080	40.000000	33.174206
1081	40.000000	33.138748
1082	40.000000	33.155425
1083	40.000000	47.102036
1084	40.000000	33.174206
1085	40.000000	47.492502
1086	40.000000	48.055414
1087	40.000000	48.020389
1088	40.000000	47.906907
1089	40.000000	47.780961
1090	40.000000	48.147601
1091	40.000000	47.798294
1092	40.000000	47.854711
1093	40.000000	33.165856
1094	40.000000	48.143203
1095	40.000000	47.385758
1096	40.000000	47.599728
1097	40.000000	33.095051
1098	40.000000	47.690172
1099	40.000000	47.402805
1100	40.000000	33.138748
1101	40.000000	45.300540
1102	40.000000	32.966712
1103	40.000000	33.043181
1104	40.000000	32.471155
1105	40.000000	32.974962
1106	40.000000	32.896754
1107	40.000000	32.946105
1108	40.000000	47.275252
1109	40.000000	33.281037
1110	40.000000	32.956405
1111	40.000000	47.207504
1112	40.000000	32.605740
1113	40.000000	47.402805
1114	40.000000	46.838335
1115	40.000000	47.330440
1116	40.000000	47.854711
1117	40.000000	36.026780
1118	40.000000	33.059762
1119	40.000000	47.724718
1120	40.000000	54.003257
1121	40.000000	54.926197
1122	40.000000	51.122385
1123	40.000000	36.379886
1124	40.000000	47.837338
1125	40.000000	36.277224
1126	40.000000	47.854711
1127	40.000000	33.218112
1128	40.000000	32.305963
1129	40.000000	47.582539
1130	40.000000	33.026617
1131	40.000000	32.923467
1132	40.000000	33.086741
1133	40.000000	33.103365
1134	40.000000	32.929638
1135	40.000000	32.303983
1136	40.000000	47.203276
1137	40.000000	32.991474
1138	40.000000	33.120007
1139	40.000000	45.398087
1140	40.000000	33.113764
1141	40.000000	47.509626
1142	40.000000	47.707439
1143	40.000000	47.548199
1144	40.000000	33.350531
1145	40.000000	47.475391
1146	40.000000	37.645296
1147	40.000000	33.262135
1148	40.000000	47.742010
1149	40.000000	33.201372
1150	40.000000	47.981046
1151	40.000000	47.492502
1152	40.000000	33.367421
1153	40.000000	47.475391
1154	40.000000	48.016014
1155	40.000000	47.526762
1156	40.000000	47.488223
1157	40.000000	33.234869
1158	40.000000	47.292219
1159	40.000000	47.471115
1160	40.000000	33.439398
1161	40.000000	47.475391
1162	40.000000	47.475391
1163	40.000000	33.026617
1164	40.000000	33.130416
1165	40.000000	33.053542
1166	40.000000	47.419864
1167	40.000000	32.097423
1168	40.000000	32.537304
1169	40.000000	47.911261
1170	40.000000	47.872097
1171	40.000000	47.526762
1172	40.000000	33.182560
1173	40.000000	32.861886
1174	40.000000	33.111684
1175	40.000000	47.381498
1176	40.000000	47.156821
1177	40.000000	33.201372
1178	40.000000	47.241354
1179	40.000000	47.241354
1180	40.000000	47.135735
1181	40.000000	47.742010
1182	40.000000	47.941767
1183	40.000000	38.618976
1184	40.000000	47.906907
1185	40.000000	38.080470
1186	40.000000	35.945699
1187	40.000000	37.712635
1188	40.000000	37.556775
1189	40.000000	49.770707
1190	40.000000	36.287214
1191	40.000000	36.046491
1192	40.000000	36.244793
1193	40.000000	34.249905
1194	40.000000	33.103365
1195	40.000000	33.377987
1196	40.000000	33.043181
1197	40.000000	33.001802
1198	40.000000	36.234826
1199	40.000000	37.567483
1200	40.000000	29.353519
1201	40.000000	37.599642
1202	40.000000	37.312175
1203	40.000000	35.782199
1204	40.000000	35.661149
1205	40.000000	46.976095
1206	40.000000	47.347447
1207	40.000000	34.352590
1208	40.000000	35.760349
1209	40.000000	47.746334
1210	40.000000	38.604833
1211	40.000000	46.664169
1212	40.000000	50.505154
1213	40.000000	53.909357
1214	40.000000	50.002067
1215	40.000000	50.792309
1216	40.000000	34.276633
1217	40.000000	35.721571
1218	40.000000	35.997253
1219	40.000000	37.613058
1220	40.000000	36.110701
1221	40.000000	47.441205
1222	40.000000	49.987840
1223	40.000000	46.925907
1224	40.000000	32.956405
1225	40.000000	33.008003
1226	40.000000	33.034897
1227	40.000000	32.802576
1228	40.000000	32.983216
1229	40.000000	32.999736
1230	40.000000	47.707439
1231	40.000000	47.815639
1232	40.000000	47.385758
1233	40.000000	32.800534
1234	40.000000	32.923467
1235	40.000000	32.956405
1236	40.000000	44.834279
1237	40.000000	34.580225
1238	40.000000	49.808334
1239	40.000000	47.313446
1240	40.000000	33.034897
1241	40.000000	47.186373
1242	40.000000	47.296463
1243	40.000000	50.895306
1244	40.000000	54.517148
1245	40.000000	36.688834
1246	40.000000	49.667526
1247	40.000000	47.872097
1248	40.000000	46.697243
1249	40.000000	34.514556
1250	40.000000	47.655677
1251	40.000000	34.278862
1252	40.000000	47.763642
1253	40.000000	33.377987
1254	40.000000	47.169481
1255	40.000000	47.330440
1256	40.000000	33.008003
1257	40.000000	33.165856
1258	40.000000	47.207504
1259	40.000000	47.313446
1260	40.000000	47.436935
1261	40.000000	33.420315
1262	40.000000	33.218112
1263	40.000000	46.401249
1264	40.000000	47.279493
1265	40.000000	47.672918
1266	40.000000	33.190918
1267	40.000000	47.224423
1268	40.000000	47.186373
1269	40.000000	34.194355
1270	40.000000	47.815639
1271	40.000000	47.651368
1272	40.000000	47.436935
1273	40.000000	51.147189
1274	40.000000	50.811895
1275	40.000000	53.837772
1276	40.000000	33.086741
1277	40.000000	49.277467
1278	40.000000	49.180907
1279	40.000000	34.372752
1280	40.000000	47.279493
1281	40.000000	420.312428
1282	40.000000	47.582539
1283	40.000000	47.313446
1284	40.000000	47.690172
1285	40.000000	47.080999
1286	40.000000	32.964650
1287	40.000000	32.929638
1288	40.000000	47.419864
1289	40.000000	32.700818
1290	40.000000	33.122088
1291	40.000000	47.258297
1292	40.000000	32.648153
1293	40.000000	47.707439
1294	40.000000	33.182560
1295	40.000000	47.258297
1296	40.000000	33.253740
1297	40.000000	47.819977
1298	40.000000	33.138748
1299	40.000000	32.741445
1300	40.000000	48.033517
1301	40.000000	33.097129
1302	40.000000	32.725182
1303	40.000000	33.103365
1304	40.000000	46.016395
1305	40.000000	47.509626
1306	40.000000	47.207504
1307	40.000000	46.405334
1308	40.000000	46.976095
1309	40.000000	32.974962
1310	40.000000	46.909201
1311	40.000000	33.078435
1312	40.000000	46.561112
1313	40.000000	45.234448
1314	40.000000	33.105445
1315	40.000000	47.616929
1316	40.000000	33.043181
1317	40.000000	32.939928
1318	40.000000	32.929638
1319	40.000000	33.138748
1320	40.000000	47.454019
1321	40.000000	46.610522
1322	40.000000	32.921411
1323	40.000000	46.997038
1324	40.000000	46.734508
1325	40.000000	33.193009
1326	40.000000	33.061836
1327	40.000000	33.034897
1328	40.000000	47.780961
1329	40.000000	33.122088
1330	40.000000	33.182560
1331	40.000000	33.367421
1332	40.000000	47.582539
1333	40.000000	32.296065
1334	40.000000	47.543910
1335	40.000000	48.200438
1336	40.000000	47.509626
1337	40.000000	47.030587
1338	40.000000	47.672918
1339	40.000000	40.289848
1340	40.000000	46.610522
1341	40.000000	33.034897
1342	40.000000	32.723151
1343	40.000000	32.983216
1344	40.000000	32.555391
1345	40.000000	47.668607
1346	40.000000	47.854711
1347	40.000000	33.190918
1348	40.000000	47.928688
1349	40.000000	47.296463
1350	40.000000	33.097129
1351	40.000000	32.589611
1352	40.000000	33.182560
1353	40.000000	33.086741
1354	40.000000	47.475391
1355	40.000000	47.169481
1356	40.000000	47.454019
1357	40.000000	33.314695
1358	40.000000	33.411841
1359	40.000000	33.016273
1360	40.000000	47.419864
1361	40.000000	32.853692
1362	40.000000	47.690172
1363	40.000000	47.347447
1364	40.000000	47.780961
1365	40.000000	47.981046
1366	40.000000	48.055414
1367	40.000000	32.656244
1368	40.000000	33.218112
1369	40.000000	32.939928
1370	40.000000	48.090491
1371	40.000000	50.408549
1372	40.000000	37.918833
1373	40.000000	49.550793
1374	40.000000	33.270533
1375	40.000000	34.494227
1376	40.000000	37.378327
1377	40.000000	32.751618
1378	40.000000	35.933446
1379	40.000000	32.589611
1380	40.000000	36.244793
1381	40.000000	49.968884
1382	40.000000	46.577570
1383	40.000000	47.258297
1384	40.000000	49.747219
1385	40.000000	35.709471
1386	40.000000	37.522018
1387	40.000000	37.556775
1388	40.000000	38.011812
1389	40.000000	47.441205
1390	40.000000	47.963580
1391	40.000000	36.162730
1392	40.000000	54.281337
1393	40.000000	37.691060
1394	40.000000	53.981133
1395	40.000000	54.047558
1396	40.000000	55.411247
1397	40.000000	54.303708
1398	40.000000	55.528001
1399	40.000000	54.164195
1400	40.000000	38.011812
1401	40.000000	38.182540
1402	40.000000	37.375676
1403	40.000000	37.122960
1404	40.000000	37.701844
1405	40.000000	37.546074
1406	40.000000	37.656054
1407	40.000000	35.994795
1408	40.000000	32.479159
1409	40.000000	43.722255
1410	40.000000	33.253740
1411	40.000000	32.956405
1412	40.000000	32.835272
1413	40.000000	47.578244
1414	40.000000	47.893847
1415	40.000000	47.707439
1416	40.000000	34.562084
1417	40.000000	37.357133
1418	40.000000	36.130504
1419	40.000000	36.039096
1420	40.000000	47.599728
1421	40.000000	36.392445
1422	40.000000	38.534273
1423	40.000000	53.997724
1424	40.000000	54.236652
1425	40.000000	37.998110
1426	40.000000	54.047558
1427	40.000000	53.887311
1428	40.000000	54.214337
1429	40.000000	38.022781
1430	40.000000	37.378327
1431	40.000000	37.691060
1432	40.000000	37.850757
1433	40.000000	37.367727
1434	40.000000	37.378327
1435	40.000000	37.535379
1436	40.000000	37.701844
1437	40.000000	34.130142
1438	40.000000	33.024548
1439	40.000000	33.226488
1440	40.000000	32.931695
1441	40.000000	34.363788
1442	40.000000	49.888479
1443	40.000000	34.646144
1444	40.000000	36.026780
1445	40.000000	49.416068
1446	40.000000	46.980282
1447	40.000000	50.466467
1448	40.000000	37.532706
1449	40.000000	53.865282
1450	40.000000	53.613242
1451	40.000000	54.584899
1452	40.000000	38.163188
1453	40.000000	54.286928
1454	40.000000	50.728757
1455	40.000000	36.478081
1456	40.000000	47.436935
1457	40.000000	37.940670
1458	40.000000	50.792309
1459	40.000000	37.883403
1460	40.000000	47.746334
1461	40.000000	48.182812
1462	40.000000	36.234826
1463	40.000000	54.119703
1464	40.000000	47.313446
1465	40.000000	32.845503
1466	40.000000	37.826309
1467	40.000000	37.489991
1468	40.000000	32.913188
1469	40.000000	47.364467
1470	40.000000	33.051470
1471	40.000000	33.218112
1472	40.000000	34.323508
1473	40.000000	32.937869
1474	40.000000	54.169762
1475	40.000000	54.236652
1476	40.000000	37.613058
1477	40.000000	37.333318
1478	40.000000	36.435213
1479	40.000000	44.340186
1480	40.000000	53.201957
1481	40.000000	34.580225
1482	40.000000	34.009020
1483	40.000000	37.647985
1484	40.000000	37.701844
1485	40.000000	36.120599
1486	40.000000	34.618836
1487	40.000000	47.152602
1488	40.000000	50.485803
1489	40.000000	38.044737
1490	40.000000	38.149376
1491	40.000000	53.450135
1492	40.000000	38.058472
1493	40.000000	54.047558
1494	40.000000	36.257260
1495	40.000000	32.964650
1496	40.000000	49.648812
1497	40.000000	54.539713
1498	40.000000	54.236652
1499	40.000000	47.419864
1500	0.000000	30.500074
1501	0.000000	37.320101
1502	0.000000	28.353961
1503	0.000000	28.353961
1504	0.000000	28.353961
1505	0.000000	28.353961
1506	0.000000	28.353961
1507	0.000000	28.353961
1508	0.000000	28.353961
1509	0.000000	28.353961
1510	0.000000	28.353961
1511	0.000000	28.353961
1512	0.000000	28.353961
1513	0.000000	28.353961
1514	0.000000	28.353961
1515	0.000000	28.353961
1516	0.000000	28.353961
1517	0.000000	28.353961
1518	0.000000	28.353961
1519	0.000000	28.353961
1520	0.000000	28.353961
1521	0.000000	28.353961
1522	0.000000	28.353961
1523	0.000000	28.353961
1524	0.000000	28.353961
1525	0.000000	28.353961
1526	0.000000	28.353961
1527	0.000000	28.353961
1528	0.000000	28.353961
1529	0.000000	28.353961
1530	0.000000	28.353961
1531	0.000000	28.353961
1532	0.000000	28.353961
1533	0.000000	28.353961
1534	0.000000	28.353961
1535	0.000000	28.353961
1536	0.000000	28.353961
1537	0.000000	28.353961
1538	0.000000	28.353961
1539	0.000000	28.353961
1540	0.000000	28.353961
1541	0.000000	28.353961
1542	0.000000	28.353961
1543	0.000000	28.353961
1544	0.000000	28.353961
1545	0.000000	28.353961
1546	0.000000	28.353961
1547	0.000000	28.353961
1548	0.000000	28.353961
1549	0.000000	28.353961
1550	0.000000	28.353961
1551	0.000000	28.353961
1552	0.000000	28.353961
1553	0.000000	28.353961
1554	0.000000	28.353961
1555	0.000000	28.353961
1556	0.000000	28.353961
1557	0.000000	28.353961
1558	0.000000	28.353961
1559	0.000000	28.353961
1560	0.000000	28.353961
1561	0.000000	28.353961
1562	0.000000	28.353961
1563	0.000000	28.353961
1564	0.000000	28.353961
1565	0.000000	28.353961
1566	0.000000	28.353961
1567	0.000000	28.353961
1568	0.000000	28.353961
1569	0.000000	28.353961
1570	0.000000	28.353961
1571	0.000000	28.353961
1572	0.000000	28.353961
1573	0.000000	28.353961
1574	0.000000	28.353961
1575	0.000000	28.353961
1576	0.000000	28.353961
1577	0.000000	28.353961
1578	0.000000	28.353961
1579	0.000000	28.353961
1580	0.000000	28.353961
1581	0.000000	28.353961
1582	0.000000	28.353961
1583	0.000000	28.353961
1584	0.000000	28.353961
1585	0.000000	28.353961
1586	0.000000	28.353961
1587	0.000000	28.353961
1588	0.000000	28.353961
1589	0.000000	28.353961
1590	0.000000	28.353961
1591	0.000000	28.353961
1592	0.000000	28.353961
1593	0.000000	28.353961
1594	0.000000	28.353961
1595	0.000000	28.353961
1596	0.000000	28.353961
1597	0.000000	28.353961
1598	0.000000	28.353961
1599	0.000000	28.353961
1600	0.000000	28.353961
1601	0.000000	28.353961
1602	0.000000	28.353961
1603	0.000000	28.353961
1604	0.000000	28.353961
1605	0.000000	28.353961
1606	0.000000	28.353961
1607	0.000000	28.353961
1608	0.000000	28.353961
1609	0.000000	28.353961
1610	0.000000	28.353961
1611	0.000000	28.353961
1612	0.000000	28.353961
1613	0.000000	28.353961
1614	0.000000	28.353961
1615	0.000000	28.353961
1616	0.000000	28.353961
1617	0.000000	28.353961
1618	0.000000	28.353961
1619	0.000000	28.353961
1620	0.000000	28.353961
1621	0.000000	28.353961
1622	0.000000	28.353961
1623	0.000000	28.353961
1624	0.000000	28.353961
1625	0.000000	28.353961
1626	0.000000	28.353961
1627	0.000000	28.353961
1628	0.000000	28.353961
1629	0.000000	28.353961
1630	0.000000	28.353961
1631	0.000000	28.353961
1632	0.000000	28.353961
1633	0.000000	28.353961
1634	0.000000	28.353961
1635	0.000000	28.353961
1636	0.000000	28.353961
1637	0.000000	28.353961
1638	0.000000	28.353961
1639	0.000000	28.353961
1640	0.000000	28.353961
1641	0.000000	28.353961
1642	0.000000	28.353961
1643	0.000000	28.353961
1644	0.000000	28.353961
1645	0.000000	28.353961
1646	0.000000	28.353961
1647	0.000000	28.353961
1648	0.000000	28.353961
1649	0.000000	28.353961
1650	0.000000	28.353961
1651	0.000000	28.353961
1652	0.000000	28.353961
1653	0.000000	28.353961
1654	0.000000	28.353961
1655	0.000000	28.353961
1656	0.000000	28.353961
1657	0.000000	28.353961
1658	0.000000	28.353961
1659	0.000000	28.353961
1660	0.000000	28.353961
1661	0.000000	28.353961
1662	0.000000	28.353961
1663	0.000000	28.353961
1664	0.000000	28.353961
1665	0.000000	28.353961
1666	0.000000	28.353961
1667	0.000000	28.353961
1668	0.000000	28.353961
1669	0.000000	28.353961
1670	0.000000	28.353961
1671	0.000000	28.353961
1672	0.000000	28.353961
1673	0.000000	28.353961
1674	0.000000	28.353961
1675	0.000000	28.353961
1676	0.000000	28.353961
1677	0.000000	28.353961
1678	0.000000	28.353961
1679	0.000000	28.353961
1680	0.000000	28.353961
1681	0.000000	28.353961
1682	0.000000	28.353961
1683	0.000000	28.353961
1684	0.000000	28.353961
1685	0.000000	28.353961
1686	0.000000	28.353961
1687	0.000000	28.353961
1688	0.000000	28.353961
1689	0.000000	28.353961
1690	0.000000	28.353961
1691	0.000000	28.353961
1692	0.000000	28.353961
1693	0.000000	28.353961
1694	0.000000	28.353961
1695	0.000000	28.353961
1696	0.000000	28.353961
1697	0.000000	28.353961
1698	0.000000	28.353961
1699	0.000000	28.353961
1700	0.000000	28.353961
1701	0.000000	28.353961
1702	0.000000	28.353961
1703	0.000000	28.353961
1704	0.000000	28.353961
1705	0.000000	28.353961
1706	0.000000	28.353961
1707	0.000000	28.353961
1708	0.000000	28.353961
1709	0.000000	28.353961
1710	0.000000	28.353961
1711	0.000000	28.353961
1712	0.000000	28.353961
1713	0.000000	28.353961
1714	0.000000	28.353961
1715	0.000000	28.353961
1716	0.000000	28.353961
1717	0.000000	28.353961
1718	0.000000	28.353961
1719	0.000000	28.353961
1720	0.000000	28.353961
1721	0.000000	28.353961
1722	0.000000	28.353961
1723	0.000000	28.353961
1724	0.000000	28.353961
1725	0.000000	28.353961
1726	0.000000	28.353961
1727	0.000000	28.353961
1728	0.000000	28.353961
1729	0.000000	28.353961
1730	0.000000	28.353961
1731	0.000000	28.353961
1732	0.000000	28.353961
1733	0.000000	28.353961
1734	0.000000	28.353961
1735	0.000000	28.353961
1736	0.000000	28.353961
1737	0.000000	28.353961
1738	0.000000	28.353961
1739	0.000000	28.353961
1740	0.000000	28.353961
1741	0.000000	28.353961
1742	0.000000	28.353961
1743	0.000000	28.353961
1744	0.000000	28.353961
1745	0.000000	28.353961
1746	0.000000	28.353961
1747	0.000000	28.353961
1748	0.000000	28.353961
1749	0.000000	28.353961
1750	0.000000	28.353961
1751	0.000000	28.353961
1752	0.000000	28.353961
1753	0.000000	28.353961
1754	0.000000	28.353961
1755	0.000000	28.353961
1756	0.000000	28.353961
1757	0.000000	28.353961
1758	0.000000	28.353961
1759	0.000000	28.353961
1760	0.000000	28.353961
1761	0.000000	28.353961
1762	0.000000	28.353961
1763	0.000000	28.353961
1764	0.000000	28.353961
1765	0.000000	28.353961
1766	0.000000	28.353961
1767	0.000000	28.353961
1768	0.000000	28.353961
1769	0.000000	28.353961
1770	0.000000	28.353961
1771	0.000000	28.353961
1772	0.000000	28.353961
1773	0.000000	28.353961
1774	0.000000	28.353961
1775	0.000000	28.353961
1776	0.000000	28.353961
1777	0.000000	28.353961
1778	0.000000	28.353961
1779	0.000000	28.353961
1780	0.000000	28.353961
1781	0.000000	28.353961
1782	0.000000	28.353961
1783	0.000000	28.353961
1784	0.000000	28.353961
1785	0.000000	28.353961
1786	0.000000	28.353961
1787	0.000000	28.353961
1788	0.000000	28.353961
1789	0.000000	28.353961
1790	0.000000	28.353961
1791	0.000000	28.353961
1792	0.000000	28.353961
1793	0.000000	28.353961
1794	0.000000	28.353961
1795	0.000000	28.353961
1796	0.000000	28.353961
1797	0.000000	28.353961
1798	0.000000	28.353961
1799	0.000000	28.353961
1800	-40.000000	28.353961
1801	-40.000000	28.353961
1802	-40.000000	0.040983
1803	-40.000000	33.165856
1804	-40.000000	47.998523
1805	-40.000000	47.655677
1806	-40.000000	32.631983
1807	-40.000000	32.666364
1808	-40.000000	47.928688
1809	-40.000000	33.403371
1810	-40.000000	47.543910
1811	-40.000000	32.915243
1812	-40.000000	32.767907
1813	-40.000000	33.138748
1814	-40.000000	47.279493
1815	-40.000000	33.034897
1816	-40.000000	46.942624
1817	-40.000000	43.512902
1818	-40.000000	46.676566
1819	-40.000000	47.621231
1820	-40.000000	45.681382
1821	-40.000000	32.904968
1822	-40.000000	47.241354
1823	-40.000000	47.169481
1824	-40.000000	46.169568
1825	-40.000000	45.234448
1826	-40.000000	47.102036
1827	-40.000000	32.146364
1828	-40.000000	46.561112
1829	-40.000000	45.844289
1830	-40.000000	31.328565
1831	-40.000000	32.743479
1832	-40.000000	34.130142
1833	-40.000000	47.313446
1834	-40.000000	34.485199
1835	-40.000000	33.484009
1836	-40.000000	34.607471
1837	-40.000000	33.209740
1838	-40.000000	34.598384
1839	-40.000000	34.127932
1840	-40.000000	38.221304
1841	-40.000000	47.543910
1842	-40.000000	49.808334
1843	-40.000000	37.543399
1844	-40.000000	47.313446
1845	-40.000000	37.826309
1846	-40.000000	33.138748
1847	-40.000000	47.436935
1848	-40.000000	33.147084
1849	-40.000000	46.384915
1850	-40.000000	32.861886
1851	-40.000000	47.798294
1852	-40.000000	32.915243
1853	-40.000000	47.364467
1854	-40.000000	47.436935
1855	-40.000000	33.384329
1856	-40.000000	46.234367
1857	-40.000000	47.475391
1858	-40.000000	33.314695
1859	-40.000000	47.509626
1860	-40.000000	38.102493
1861	-40.000000	38.218533
1862	-40.000000	33.008003
1863	-40.000000	31.121386
1864	-40.000000	47.292219
1865	-40.000000	33.043181
1866	-40.000000	47.492502
1867	-40.000000	47.419864
1868	-40.000000	33.218112
1869	-40.000000	33.245350
1870	-40.000000	47.565363
1871	-40.000000	33.043181
1872	-40.000000	33.297857
1873	-40.000000	47.471115
1874	-40.000000	47.224423
1875	-40.000000	46.458509
1876	-40.000000	47.763642
1877	-40.000000	32.904968
1878	-40.000000	46.697243
1879	-40.000000	46.458509
1880	-40.000000	47.258297
1881	-40.000000	47.509626
1882	-40.000000	33.163769
1883	-40.000000	33.165856
1884	-40.000000	47.364467
1885	-40.000000	47.565363
1886	-40.000000	48.037895
1887	-40.000000	47.207504
1888	-40.000000	47.224423
1889	-40.000000	43.022756
1890	-40.000000	33.147084
1891	-40.000000	47.402805
1892	-40.000000	47.634142
1893	-40.000000	32.672439
1894	-40.000000	47.097827
1895	-40.000000	33.226488
1896	-40.000000	47.655677
1897	-40.000000	44.910684
1898	-40.000000	32.818916
1899	-40.000000	47.454019
1900	-40.000000	47.981046
1901	-40.000000	47.313446
1902	-40.000000	32.497181
1903	-40.000000	33.157510
1904	-40.000000	46.767683
1905	-40.000000	32.571486
1906	-40.000000	32.784213
1907	-40.000000	33.157510
1908	-40.000000	47.262535
1909	-40.000000	33.236965
1910	-40.000000	47.241354
1911	-40.000000	33.314695
1912	-40.000000	47.946128
1913	-40.000000	47.850366
1914	-40.000000	47.819977
1915	-40.000000	48.143203
1916	-40.000000	47.368723
1917	-40.000000	47.207504
1918	-40.000000	33.234869
1919	-40.000000	47.616929
1920	-40.000000	47.368723
1921	-40.000000	33.209740
1922	-40.000000	33.201372
1923	-40.000000	33.122088
1924	-40.000000	32.130687
1925	-40.000000	33.182560
1926	-40.000000	47.854711
1927	-40.000000	43.937295
1928	-40.000000	33.209740
1929	-40.000000	33.070133
1930	-40.000000	33.130416
1931	-40.000000	46.784288
1932	-40.000000	47.207504
1933	-40.000000	47.548199
1934	-40.000000	33.086741
1935	-40.000000	31.143452
1936	-40.000000	33.051470
1937	-40.000000	46.405334
1938	-40.000000	32.896754
1939	-40.000000	33.059762
1940	-40.000000	47.475391
1941	-40.000000	47.963580
1942	-40.000000	37.782924
1943	-40.000000	46.980282
1944	-40.000000	47.385758
1945	-40.000000	47.872097
1946	-40.000000	33.272633
1947	-40.000000	32.800534
1948	-40.000000	32.972899
1949	-40.000000	32.792371
1950	-40.000000	47.668607
1951	-40.000000	46.909201
1952	-40.000000	47.203276
1953	-40.000000	47.565363
1954	-40.000000	32.589611
1955	-40.000000	33.193009
1956	-40.000000	47.475391
1957	-40.000000	33.377987
1958	-40.000000	47.207504
1959	-40.000000	47.475391
1960	-40.000000	32.991474
1961	-40.000000	33.218112
1962	-40.000000	47.402805
1963	-40.000000	47.152602
1964	-40.000000	32.122854
1965	-40.000000	32.929638
1966	-40.000000	47.946128
1967	-40.000000	46.784288
1968	-40.000000	33.348420
1969	-40.000000	32.843456
1970	-40.000000	47.928688
1971	-40.000000	47.651368
1972	-40.000000	47.513908
1973	-40.000000	47.906907
1974	-40.000000	47.893847
1975	-40.000000	32.923467
1976	-40.000000	33.358974
1977	-40.000000	46.421683
1978	-40.000000	47.292219
1979	-40.000000	33.149169
1980	-40.000000	47.030587
1981	-40.000000	33.016273
1982	-40.000000	32.939928
1983	-40.000000	33.270533
1984	-40.000000	32.837318
1985	-40.000000	33.008003
1986	-40.000000	33.043181
1987	-40.000000	33.384329
1988	-40.000000	47.381498
1989	-40.000000	46.491293
1990	-40.000000	48.037895
1991	-40.000000	33.367421
1992	-40.000000	47.258297
1993	-40.000000	47.009613
1994	-40.000000	47.616929
1995	-40.000000	33.051470
1996	-40.000000	46.905027
1997	-40.000000	47.135735
1998	-40.000000	47.582539
1999	-40.000000	47.030587
2000	-40.000000	47.724718
2001	-40.000000	38.102493
2002	-40.000000	53.771861
2003	-40.000000	37.897022
2004	-40.000000	53.564206
2005	-40.000000	54.003257
2006	-40.000000	37.567483
2007	-40.000000	36.352285
2008	-40.000000	38.171479
2009	-40.000000	37.322744
2010	-40.000000	37.191066
2011	-40.000000	38.207451
2012	-40.000000	37.146507
2013	-40.000000	37.312175
2014	-40.000000	127.435151
2015	-40.000000	28.770294
2016	-40.000000	37.556775
2017	-40.000000	37.156982
2018	-40.000000	37.288418
2019	-40.000000	37.375676
2020	-40.000000	55.353055
2021	-40.000000	48.993473
2022	-40.000000	37.669510
2023	-40.000000	38.987483
2024	-40.000000	38.091478
2025	-40.000000	37.715333
2026	-40.000000	53.981133
2027	-40.000000	37.599642
2028	-40.000000	35.229716
2029	-40.000000	53.931422
2030	-40.000000	54.003257
2031	-40.000000	38.382740
2032	-40.000000	48.988920
2033	-40.000000	37.726132
2034	-40.000000	37.198940
2035	-40.000000	38.102493
2036	-40.000000	37.726132
2037	-40.000000	37.177949
2038	-40.000000	54.003257
2039	-40.000000	37.872515
2040	-40.000000	37.420787
2041	-40.000000	37.602325
2042	-40.000000	37.023868
2043	-40.000000	35.298137
2044	-40.000000	37.298973
2045	-40.000000	37.034274
2046	-40.000000	38.116270
2047	-40.000000	54.047558
2048	-40.000000	37.023868
2049	-40.000000	37.267326
2050	-40.000000	37.580876
2051	-40.000000	37.047289
2052	-40.000000	37.367727
2053	-40.000000	37.567483
2054	-40.000000	34.801703
2055	-40.000000	53.406808
2056	-40.000000	54.141940
2057	-40.000000	53.914872
2058	-40.000000	38.000850
2059	-40.000000	54.119703
2060	-40.000000	54.003257
2061	-40.000000	54.258986
2062	-40.000000	38.077719
2063	-40.000000	37.378327
2064	-40.000000	36.467985
2065	-40.000000	35.560099
2066	-40.000000	54.376538
2067	-40.000000	49.029934
2068	-40.000000	37.487325
2069	-40.000000	54.823360
2070	-40.000000	37.634544
2071	-40.000000	37.804604
2072	-40.000000	38.022781
2073	-40.000000	28.573771
2074	-40.000000	28.967946
2075	-40.000000	37.556775
2076	-40.000000	37.976208
2077	-40.000000	37.943401
2078	-40.000000	37.850757
2079	-40.000000	37.634544
2080	-40.000000	38.044737
2081	-40.000000	37.726132
2082	-40.000000	37.736936
2083	-40.000000	37.758563
2084	-40.000000	37.954330
2085	-40.000000	54.539713
2086	-40.000000	54.281337
2087	-40.000000	39.100281
2088	-40.000000	48.911636
2089	-40.000000	38.904029
2090	-40.000000	55.680518
2091	-40.000000	55.551411
2092	-40.000000	37.872515
2093	-40.000000	36.455373
2094	-40.000000	54.658487
2095	-40.000000	54.562297
2096	-40.000000	37.535379
2097	-40.000000	38.091478
2098	-40.000000	37.701844
2099	-40.000000	38.360392
2100	40.000000	54.517148
2101	40.000000	38.430316
2102	40.000000	27.643142
2103	40.000000	10.364004
2104	40.000000	98.260959
2105	40.000000	54.755016
2106	40.000000	28.131500
2107	40.000000	19.362690
2108	40.000000	28.649877
2109	40.000000	38.116270
2110	40.000000	38.102493
2111	40.000000	28.909159
2112	40.000000	36.979709
2113	40.000000	53.981133
2114	40.000000	37.861632
2115	40.000000	38.055725
2116	40.000000	37.829024
2117	40.000000	38.335281
2118	40.000000	38.229621
2119	40.000000	38.667140
2120	40.000000	38.416311
2121	40.000000	37.567483
2122	40.000000	37.907925
2123	40.000000	35.091331
2124	40.000000	37.850757
2125	40.000000	54.236652
2126	40.000000	37.804604
2127	40.000000	37.680282
2128	40.000000	36.635281
2129	40.000000	37.546074
2130	40.000000	37.645296
2131	40.000000	37.444713
2132	40.000000	37.346545
2133	40.000000	35.317059
2134	40.000000	37.466007
2135	40.000000	37.578197
2136	40.000000	37.188442
2137	40.000000	37.402199
2138	40.000000	38.171479
2139	40.000000	37.793761
2140	40.000000	37.815453
2141	40.000000	37.987156
2142	40.000000	37.691060
2143	40.000000	38.630298
2144	40.000000	37.907925
2145	40.000000	37.872515
2146	40.000000	37.976208
2147	40.000000	37.277869
2148	40.000000	37.277869
2149	40.000000	37.861632
2150	40.000000	38.058472
2151	40.000000	38.312989
2152	40.000000	37.897022
2153	40.000000	38.058472
2154	40.000000	38.182540
2155	40.000000	38.022781
2156	40.000000	54.903311
2157	40.000000	38.022781
2158	40.000000	38.055725
2159	40.000000	38.371563
2160	40.000000	38.416311
2161	40.000000	37.883403
2162	40.000000	37.402199
2163	40.000000	28.934551
2164	40.000000	37.780215
2165	40.000000	37.254155
2166	40.000000	38.009071
2167	40.000000	37.747747
2168	40.000000	37.588916
2169	40.000000	37.804604
2170	40.000000	38.066719
2171	40.000000	37.431417
2172	40.000000	37.602325
2173	40.000000	38.379945
2174	40.000000	37.634544
2175	40.000000	37.468670
2176	40.000000	54.141940
2177	40.000000	37.793761
2178	40.000000	37.943401
2179	40.000000	54.281337
2180	40.000000	37.793761
2181	40.000000	54.851887
2182	40.000000	37.567483
2183	40.000000	54.427074
2184	40.000000	37.782924
2185	40.000000	54.069736
2186	40.000000	54.703870
2187	40.000000	38.299069
2188	40.000000	38.055725
2189	40.000000	39.013456
2190	40.000000	34.616563
2191	40.000000	37.546074
2192	40.000000	54.613178
2193	40.000000	37.940670
2194	40.000000	37.850757
2195	40.000000	37.288418
2196	40.000000	37.793761
2197	40.000000	37.951597
2198	40.000000	38.044737
2199	40.000000	37.322744
2200	40.000000	37.212072
2201	40.000000	37.804604
2202	40.000000	37.793761
2203	40.000000	37.793761
2204	40.000000	37.861632
2205	40.000000	37.987156
2206	40.000000	38.430316
2207	40.000000	38.346438
2208	40.000000	37.402199
2209	40.000000	55.040913
2210	40.000000	38.276818
2211	40.000000	38.715424
2212	40.000000	37.861632
2213	40.000000	36.775871
2214	40.000000	37.829024
2215	40.000000	54.681169
2216	40.000000	37.861632
2217	40.000000	37.989894
2218	40.000000	54.421454
2219	40.000000	37.602325
2220	40.000000	38.430316
2221	40.000000	37.256788
2222	40.000000	38.371563
2223	40.000000	38.080470
2224	40.000000	37.343899
2225	40.000000	28.468823
2226	40.000000	28.547462
2227	40.000000	37.850757
2228	40.000000	37.815453
2229	40.000000	38.127299
2230	40.000000	38.207451
2231	40.000000	38.196375
2232	40.000000	38.463970
2233	40.000000	37.897022
2234	40.000000	54.658487
2235	40.000000	37.815453
2236	40.000000	38.069468
2237	40.000000	38.265702
2238	40.000000	38.196375
2239	40.000000	37.886126
2240	40.000000	54.897592
2241	40.000000	38.243490
2242	40.000000	37.829024
2243	40.000000	37.793761
2244	40.000000	38.102493
2245	40.000000	37.791051
2246	40.000000	37.861632
2247	40.000000	38.382740
2248	40.000000	38.466778
2249	40.000000	38.405114
2250	40.000000	54.309303
2251	40.000000	37.872515
2252	40.000000	36.465462
2253	40.000000	37.758563
2254	40.000000	37.588916
2255	40.000000	38.324132
2256	40.000000	37.431417
2257	40.000000	37.772093
2258	40.000000	37.815453
2259	40.000000	37.291056
2260	40.000000	37.511336
2261	40.000000	54.517148
2262	40.000000	54.539713
2263	40.000000	38.011812
2264	40.000000	37.782924
2265	40.000000	37.793761
2266	40.000000	38.207451
2267	40.000000	38.667140
2268	40.000000	37.839887
2269	40.000000	37.861632
2270	40.000000	37.793761
2271	40.000000	54.829063
2272	40.000000	38.405114
2273	40.000000	37.804604
2274	40.000000	37.647985
2275	40.000000	38.723957
2276	40.000000	38.357600
2277	40.000000	38.279598
2278	40.000000	38.185306
2279	40.000000	38.430316
2280	40.000000	37.826309
2281	40.000000	54.709548
2282	40.000000	54.709548
2283	40.000000	38.182540
2284	40.000000	37.804604
2285	40.000000	37.780215
2286	40.000000	37.894298
2287	40.000000	38.011812
2288	40.000000	37.804604
2289	40.000000	28.828517
2290	40.000000	37.772093
2291	40.000000	54.472074
2292	40.000000	37.780215
2293	40.000000	37.747747
2294	40.000000	37.782924
2295	40.000000	37.567483
2296	40.000000	37.793761
2297	40.000000	37.818166
2298	40.000000	38.393924
2299	40.000000	37.003074
2300	40.000000	38.500496
2301	40.000000	54.517148
2302	40.000000	38.393924
2303	40.000000	38.287940
2304	40.000000	54.635823
2305	40.000000	38.265702
2306	40.000000	38.892546
2307	40.000000	54.613178
2308	40.000000	54.851887
2309	40.000000	55.780695
2310	40.000000	38.113514
2311	40.000000	37.829024
2312	40.000000	37.804604
2313	40.000000	38.430316
2314	40.000000	38.105248
2315	40.000000	38.207451
2316	40.000000	37.850757
2317	40.000000	37.235732
2318	40.000000	37.301613
2319	40.000000	28.961580
2320	40.000000	37.431417
2321	40.000000	37.500661
2322	40.000000	28.729521
2323	40.000000	38.382740
2324	40.000000	37.872515
2325	40.000000	37.747747
2326	40.000000	37.556775
2327	40.000000	36.349778
2328	40.000000	53.936941
2329	40.000000	54.119703
2330	40.000000	38.393924
2331	40.000000	54.545357
2332	40.000000	54.169762
2333	40.000000	38.967306
2334	40.000000	37.965266
2335	40.000000	38.171479
2336	40.000000	55.457890
2337	40.000000	55.698170
2338	40.000000	54.613178
2339	40.000000	54.590553
2340	40.000000	37.839887
2341	40.000000	38.593526
2342	40.000000	38.324132
2343	40.000000	37.826309
2344	40.000000	54.584899
2345	40.000000	47.711758
2346	40.000000	32.698789
2347	40.000000	32.937869
2348	40.000000	32.964650
2349	40.000000	33.243254
2350	40.000000	32.956405
2351	40.000000	32.888543
2352	40.000000	47.296463
2353	40.000000	32.880336
2354	40.000000	47.946128
2355	40.000000	32.759760
2356	40.000000	33.157510
2357	40.000000	46.959354
2358	40.000000	32.784213
2359	40.000000	47.638448
2360	40.000000	47.334691
2361	40.000000	43.922649
2362	40.000000	47.724718
2363	40.000000	46.767683
2364	40.000000	47.819977
2365	40.000000	47.690172
2366	40.000000	46.643521
2367	40.000000	46.491293
2368	40.000000	48.033517
2369	40.000000	47.313446
2370	40.000000	47.364467
2371	40.000000	32.991474
2372	40.000000	47.599728
2373	40.000000	33.043181
2374	40.000000	47.347447
2375	40.000000	33.243254
2376	40.000000	47.616929
2377	40.000000	33.236965
2378	40.000000	47.262535
2379	40.000000	32.983216
2380	40.000000	47.724718
2381	40.000000	33.149169
2382	40.000000	32.937869
2383	40.000000	32.948164
2384	40.000000	47.638448
2385	40.000000	47.368723
2386	40.000000	47.981046
2387	40.000000	33.270533
2388	40.000000	32.948164
2389	40.000000	37.645296
2390	40.000000	37.588916
2391	40.000000	38.055725
2392	40.000000	53.678764
2393	40.000000	38.080470
2394	40.000000	38.276818
2395	40.000000	37.918833
2396	40.000000	53.981133
2397	40.000000	38.174244
2398	40.000000	55.551411
2399	40.000000	38.055725
2400	40.000000	35.288684
2401	40.000000	38.368769
2402	40.000000	38.689847
2403	40.000000	38.080470
2404	40.000000	37.522018
2405	40.000000	37.758563
2406	40.000000	38.393924
2407	40.000000	38.243490
2408	40.000000	38.500496
2409	40.000000	37.897022
2410	40.000000	37.894298
2411	40.000000	37.976208
2412	40.000000	37.861632
2413	40.000000	38.511748
2414	40.000000	37.965266
2415	40.000000	37.976208
2416	40.000000	37.747747
2417	40.000000	38.113514
2418	40.000000	37.886126
2419	40.000000	36.917545
2420	40.000000	37.772093
2421	40.000000	37.712635
2422	40.000000	37.726132
2423	40.000000	36.979709
2424	40.000000	37.365078
2425	40.000000	54.047558
2426	40.000000	38.582226
2427	40.000000	54.584899
2428	40.000000	54.777779
2429	40.000000	55.604155
2430	40.000000	38.534273
2431	40.000000	37.476663
2432	40.000000	54.658487
2433	40.000000	38.276818
2434	40.000000	38.689847
2435	40.000000	38.556824
2436	40.000000	37.850757
2437	40.000000	38.254593
2438	40.000000	38.689847
2439	40.000000	37.378327
2440	40.000000	28.928199
2441	40.000000	37.886126
2442	40.000000	37.500661
2443	40.000000	37.320101
2444	40.000000	37.918833
2445	40.000000	38.254593
2446	40.000000	38.069468
2447	40.000000	37.634544
2448	40.000000	37.772093
2449	40.000000	34.889242
2450	40.000000	38.193608
2451	40.000000	51.648387
2452	40.000000	37.645296
2453	40.000000	54.097484
2454	40.000000	37.793761
2455	40.000000	37.829024
2456	40.000000	37.647985
2457	40.000000	37.987156
2458	40.000000	38.163188
2459	40.000000	54.421454
2460	40.000000	54.164195
2461	40.000000	38.478010
2462	40.000000	40.988552
2463	40.000000	52.575739
2464	40.000000	37.691060
2465	40.000000	38.022781
2466	40.000000	37.602325
2467	40.000000	37.455357
2468	40.000000	37.333318
2469	40.000000	37.388933
2470	40.000000	37.177949
2471	40.000000	37.444713
2472	40.000000	38.171479
2473	40.000000	37.804604
2474	40.000000	38.185306
2475	40.000000	38.452746
2476	40.000000	37.872515
2477	40.000000	38.044737
2478	40.000000	37.736936
2479	40.000000	38.559645
2480	40.000000	37.758563
2481	40.000000	54.755016
2482	40.000000	38.324132
2483	40.000000	54.141940
2484	40.000000	38.929890
2485	40.000000	54.851887
2486	40.000000	54.658487
2487	40.000000	38.809497
2488	40.000000	54.658487
2489	40.000000	54.943374
2490	40.000000	38.207451
2491	40.000000	54.119703
2492	40.000000	54.169762
2493	40.000000	54.851887
2494	40.000000	37.747747
2495	40.000000	37.793761
2496	40.000000	37.918833
2497	40.000000	37.637231
2498	40.000000	37.804604
2499	40.000000	38.452746
2500	40.000000	36.873638
2501	40.000000	37.078564
2502	40.000000	37.691060
2503	40.000000	37.146507
2504	40.000000	37.378327
2505	40.000000	36.971927
2506	40.000000	37.602325
2507	40.000000	37.850757
2508	40.000000	38.618976
2509	40.000000	37.511336
2510	40.000000	54.421454
2511	40.000000	54.851887
2512	40.000000	38.452746
2513	40.000000	53.837772
2514	40.000000	38.641626
2515	40.000000	54.777779
2516	40.000000	38.044737
2517	40.000000	37.839887
2518	40.000000	38.463970
2519	40.000000	38.371563
2520	40.000000	38.127299
2521	40.000000	55.551411
2522	40.000000	54.590553
2523	40.000000	38.160425
2524	40.000000	38.596352
2525	40.000000	38.486439
2526	40.000000	38.124541
2527	40.000000	54.755016
2528	40.000000	38.069468
2529	40.000000	38.102493
2530	40.000000	37.487325
2531	40.000000	37.815453
2532	40.000000	37.357133
2533	40.000000	37.647985
2534	40.000000	37.201566
2535	40.000000	37.804604
2536	40.000000	54.926197
2537	40.000000	37.613058
2538	40.000000	37.715333
2539	40.000000	38.393924
2540	40.000000	37.704541
2541	40.000000	37.747747
2542	40.000000	38.393924
2543	40.000000	38.452746
2544	40.000000	35.347850
2545	40.000000	54.517148
2546	40.000000	38.430316
2547	40.000000	54.584899
2548	40.000000	54.755016
2549	40.000000	37.532706
2550	40.000000	54.258986
2551	40.000000	37.954330
2552	40.000000	37.680282
2553	40.000000	54.186469
2554	40.000000	53.542441
2555	40.000000	38.055725
2556	40.000000	37.556775
2557	40.000000	37.378327
2558	40.000000	38.276818
2559	40.000000	38.604833
2560	40.000000	36.402499
2561	40.000000	37.883403
2562	40.000000	37.613058
2563	40.000000	37.146507
2564	40.000000	28.789151
2565	40.000000	37.989894
2566	40.000000	36.722064
2567	40.000000	38.171479
2568	40.000000	38.548364
2569	40.000000	37.680282
2570	40.000000	37.578197
2571	40.000000	38.044737
2572	40.000000	37.918833
2573	40.000000	29.022179
2574	40.000000	38.416311
2575	40.000000	37.680282
2576	40.000000	37.976208
2577	40.000000	37.623798
2578	40.000000	37.872515
2579	40.000000	38.091478
2580	40.000000	38.022781
2581	40.000000	55.358868
2582	40.000000	38.798070
2583	40.000000	38.463970
2584	40.000000	54.664155
2585	40.000000	54.874730
2586	40.000000	38.207451
2587	40.000000	38.113514
2588	40.000000	37.921562
2589	40.000000	38.360392
2590	40.000000	36.842708
2591	40.000000	37.034274
2592	40.000000	37.267326
2593	40.000000	28.541278
2594	40.000000	37.772093
2595	40.000000	35.680462
2596	40.000000	28.768724
2597	40.000000	37.940670
2598	40.000000	38.020038
2599	40.000000	37.309534
2600	40.000000	37.850757
2601	40.000000	37.907925
2602	40.000000	37.736936
2603	40.000000	37.850757
2604	40.000000	37.897022
2605	40.000000	38.254593
2606	40.000000	54.926197
2607	40.000000	38.452746
2608	40.000000	37.951597
2609	40.000000	55.092692
2610	40.000000	38.287940
2611	40.000000	54.806258
2612	40.000000	54.755016
2613	40.000000	55.040913
2614	40.000000	54.994969
2615	40.000000	38.604833
2616	40.000000	38.335281
2617	40.000000	38.299069
2618	40.000000	37.758563
2619	40.000000	37.940670
2620	40.000000	54.709548
2621	40.000000	37.998110
2622	40.000000	37.535379
2623	40.000000	37.940670
2624	40.000000	37.511336
2625	40.000000	37.233102
2626	40.000000	37.723432
2627	40.000000	28.366169
2628	40.000000	28.392145
2629	40.000000	37.818166
2630	40.000000	37.998110
2631	40.000000	37.861632
2632	40.000000	37.267326
2633	40.000000	37.647985
2634	40.000000	37.680282
2635	40.000000	37.701844
2636	40.000000	37.212072
2637	40.000000	54.943374
2638	40.000000	37.309534
2639	40.000000	38.207451
2640	40.000000	38.382740
2641	40.000000	37.850757
2642	40.000000	56.425627
2643	40.000000	38.644460
2644	40.000000	56.299058
2645	40.000000	54.398987
2646	40.000000	37.780215
2647	40.000000	37.354485
2648	40.000000	37.634544
2649	40.000000	38.124541
2650	40.000000	38.138335
2651	40.000000	38.892546
2652	40.000000	37.782924
2653	40.000000	29.083032
2654	40.000000	37.254155
2655	40.000000	36.765610
2656	40.000000	37.264691
2657	40.000000	37.267326
2658	40.000000	28.762444
2659	40.000000	37.089000
2660	40.000000	38.478010
2661	40.000000	38.080470
2662	40.000000	38.441528
2663	40.000000	37.623798
2664	40.000000	37.929749
2665	40.000000	37.804604
2666	40.000000	37.156982
2667	40.000000	38.738188
2668	40.000000	54.732273
2669	40.000000	38.500496
2670	40.000000	54.755016
2671	40.000000	54.590553
2672	40.000000	54.777779
2673	40.000000	56.299058
2674	40.000000	55.704057
2675	40.000000	38.301852
2676	40.000000	37.918833
2677	40.000000	38.689847
2678	40.000000	37.736936
2679	40.000000	37.872515
2680	40.000000	37.883403
2681	40.000000	38.127299
2682	40.000000	37.850757
2683	40.000000	37.455357
2684	40.000000	37.691060
2685	40.000000	38.033756
2686	40.000000	36.244793
2687	40.000000	37.680282
2688	40.000000	28.649877
2689	40.000000	28.290043
2690	40.000000	36.992686
2691	40.000000	38.500496
2692	40.000000	37.804604
2693	40.000000	38.371563
2694	40.000000	54.562297
2695	40.000000	37.704541
2696	40.000000	37.726132
2697	40.000000	37.829024
2698	40.000000	37.907925
2699	40.000000	37.897022
2700	-40.000000	37.918833
2701	-40.000000	37.918833
2702	-40.000000	36.798980
2703	-40.000000	23.198582
2704	-40.000000	56.993056
2705	-40.000000	56.607430
2706	-40.000000	37.680282
2707	-40.000000	28.488827
2708	-40.000000	28.424299
2709	-40.000000	37.929749
2710	-40.000000	37.264691
2711	-40.000000	38.218533
2712	-40.000000	38.382740
2713	-40.000000	37.804604
2714	-40.000000	37.455357
2715	-40.000000	37.669510
2716	-40.000000	37.288418
2717	-40.000000	37.246257
2718	-40.000000	28.743621
2719	-40.000000	28.762444
2720	-40.000000	34.559818
2721	-40.000000	37.987156
2722	-40.000000	28.521201
2723	-40.000000	38.360392
2724	-40.000000	37.136038
2725	-40.000000	131.439348
2726	-40.000000	37.546074
2727	-40.000000	39.184580
2728	-40.000000	37.599642
2729	-40.000000	54.091932
2730	-40.000000	37.500661
2731	-40.000000	37.715333
2732	-40.000000	53.700640
2733	-40.000000	54.466445
2734	-40.000000	54.119703
2735	-40.000000	38.357600
2736	-40.000000	54.231072
2737	-40.000000	54.567945
2738	-40.000000	56.962259
2739	-40.000000	38.463970
2740	-40.000000	38.243490
2741	-40.000000	38.009071
2742	-40.000000	38.735341
2743	-40.000000	37.897022
2744	-40.000000	37.804604
2745	-40.000000	38.022781
2746	-40.000000	37.578197
2747	-40.000000	38.240716
2748	-40.000000	37.940670
2749	-40.000000	37.793761
2750	-40.000000	28.974316
2751	-40.000000	37.987156
2752	-40.000000	37.782924
2753	-40.000000	37.905199
2754	-40.000000	37.929749
2755	-40.000000	38.138335
2756	-40.000000	38.251817
2757	-40.000000	37.839887
2758	-40.000000	37.804604
2759	-40.000000	38.055725
2760	-40.000000	38.299069
2761	-40.000000	38.105248
2762	-40.000000	37.747747
2763	-40.000000	54.777779
2764	-40.000000	37.872515
2765	-40.000000	37.976208
2766	-40.000000	54.686842
2767	-40.000000	53.975605
2768	-40.000000	38.405114
2769	-40.000000	53.363550
2770	-40.000000	54.231072
2771	-40.000000	37.680282
2772	-40.000000	54.164195
2773	-40.000000	54.119703
2774	-40.000000	38.548364
2775	-40.000000	54.539713
2776	-40.000000	54.208761
2777	-40.000000	56.149120
2778	-40.000000	37.907925
2779	-40.000000	37.804604
2780	-40.000000	37.367727
2781	-40.000000	37.420787
2782	-40.000000	28.438102
2783	-40.000000	37.089000
2784	-40.000000	37.907925
2785	-40.000000	38.371563
2786	-40.000000	38.160425
2787	-40.000000	37.940670
2788	-40.000000	37.886126
2789	-40.000000	38.548364
2790	-40.000000	38.630298
2791	-40.000000	54.709548
2792	-40.000000	38.301852
2793	-40.000000	38.466778
2794	-40.000000	37.177949
2795	-40.000000	37.954330
2796	-40.000000	38.265702
2797	-40.000000	37.976208
2798	-40.000000	55.751194
2799	-40.000000	38.616147
2800	-40.000000	38.229621
2801	-40.000000	55.557266
2802	-40.000000	38.664304
2803	-40.000000	38.138335
2804	-40.000000	37.905199
2805	-40.000000	54.186469
2806	-40.000000	52.185325
2807	-40.000000	38.335281
2808	-40.000000	38.022781
2809	-40.000000	37.410163
2810	-40.000000	36.614921
2811	-40.000000	60.499516
2812	-40.000000	37.243625
2813	-40.000000	37.850757
2814	-40.000000	28.482669
2815	-40.000000	37.570161
2816	-40.000000	37.645296
2817	-40.000000	37.976208
2818	-40.000000	34.935493
2819	-40.000000	37.791051
2820	-40.000000	37.715333
2821	-40.000000	37.691060
2822	-40.000000	35.140462
2823	-40.000000	38.486439
2824	-40.000000	38.452746
2825	-40.000000	55.046662
2826	-40.000000	38.113514
2827	-40.000000	54.517148
2828	-40.000000	38.489250
2829	-40.000000	38.427514
2830	-40.000000	56.077432
2831	-40.000000	55.504611
2832	-40.000000	38.832372
2833	-40.000000	38.324132
2834	-40.000000	54.686842
2835	-40.000000	54.025398
2836	-40.000000	54.208761
2837	-40.000000	37.599642
2838	-40.000000	37.907925
2839	-40.000000	37.420787
2840	-40.000000	37.907925
2841	-40.000000	38.091478
2842	-40.000000	37.146507
2843	-40.000000	28.637424
2844	-40.000000	28.592372
2845	-40.000000	37.288418
2846	-40.000000	54.635823
2847	-40.000000	38.102493
2848	-40.000000	37.918833
2849	-40.000000	37.965266
2850	-40.000000	54.354108
2851	-40.000000	37.704541
2852	-40.000000	38.379945
2853	-40.000000	38.033756
2854	-40.000000	37.444713
2855	-40.000000	37.918833
2856	-40.000000	37.804604
2857	-40.000000	38.116270
2858	-40.000000	37.976208
2859	-40.000000	47.561071
2860	-40.000000	45.697224
2861	-40.000000	47.763642
2862	-40.000000	47.889495
2863	-40.000000	48.020389
2864	-40.000000	32.656244
2865	-40.000000	32.991474
2866	-40.000000	33.193009
2867	-40.000000	32.489169
2868	-40.000000	47.156821
2869	-40.000000	32.700818
2870	-40.000000	32.621884
2871	-40.000000	33.026617
2872	-40.000000	33.428793
2873	-40.000000	32.664340
2874	-40.000000	31.822241
2875	-40.000000	33.095051
2876	-40.000000	46.800904
2877	-40.000000	47.928688
2878	-40.000000	47.798294
2879	-40.000000	47.436935
2880	-40.000000	32.818916
2881	-40.000000	47.690172
2882	-40.000000	46.976095
2883	-40.000000	47.690172
2884	-40.000000	33.375873
2885	-40.000000	33.086741
2886	-40.000000	47.543910
2887	-40.000000	54.539713
2888	-40.000000	37.782924
2889	-40.000000	54.075283
2890	-40.000000	54.517148
2891	-40.000000	37.954330
2892	-40.000000	54.994969
2893	-40.000000	37.333318
2894	-40.000000	37.378327
2895	-40.000000	37.861632
2896	-40.000000	54.443940
2897	-40.000000	37.466007
2898	-40.000000	55.428729
2899	-40.000000	53.815784
2900	-40.000000	38.055725
2901	-40.000000	37.623798
2902	-40.000000	37.298973
2903	-40.000000	37.354485
2904	-40.000000	47.190598
2905	-40.000000	35.690126
2906	-40.000000	47.275252
2907	-40.000000	37.298973
2908	-40.000000	38.069468
2909	-40.000000	37.861632
2910	-40.000000	37.645296
2911	-40.000000	37.645296
2912	-40.000000	38.044737
2913	-40.000000	37.399545
2914	-40.000000	36.958964
2915	-40.000000	36.068691
2916	-40.000000	35.891848
2917	-40.000000	36.745105
2918	-40.000000	38.055725
2919	-40.000000	34.532647
2920	-40.000000	53.936941
2921	-40.000000	37.736936
2922	-40.000000	53.722534
2923	-40.000000	50.068565
2924	-40.000000	47.009613
2925	-40.000000	49.379032
2926	-40.000000	53.749927
2927	-40.000000	52.934798
2928	-40.000000	36.016932
2929	-40.000000	49.964147
2930	-40.000000	49.592754
2931	-40.000000	53.493533
2932	-40.000000	37.256788
2933	-40.000000	37.850757
2934	-40.000000	28.808034
2935	-40.000000	32.776058
2936	-40.000000	33.061836
2937	-40.000000	34.046366
2938	-40.000000	38.149376
2939	-40.000000	37.726132
2940	-40.000000	53.629608
2941	-40.000000	37.511336
2942	-40.000000	38.182540
2943	-40.000000	37.489991
2944	-40.000000	54.003257
2945	-40.000000	37.410163
2946	-40.000000	37.212072
2947	-40.000000	38.080470
2948	-40.000000	37.455357
2949	-40.000000	53.520693
2950	-40.000000	55.017932
2951	-40.000000	52.486734
2952	-40.000000	54.326096
2953	-40.000000	54.119703
2954	-40.000000	38.218533
2955	-40.000000	37.466007
2956	-40.000000	37.976208
2957	-40.000000	37.546074
2958	-40.000000	37.989894
2959	-40.000000	52.733545
2960	-40.000000	37.277869
2961	-40.000000	37.388933
2962	-40.000000	53.520693
2963	-40.000000	34.875391
2964	-40.000000	33.008003
2965	-40.000000	33.218112
2966	-40.000000	31.044398
2967	-40.000000	33.095051
2968	-40.000000	32.262459
2969	-40.000000	47.565363
2970	-40.000000	53.428463
2971	-40.000000	38.441528
2972	-40.000000	32.923467
2973	-40.000000	33.138748
2974	-40.000000	32.818916
2975	-40.000000	32.843456
2976	-40.000000	33.130416
2977	-40.000000	46.458509
2978	-40.000000	47.655677
2979	-40.000000	46.784288
2980	-40.000000	47.064183
2981	-40.000000	47.526762
2982	-40.000000	47.889495
2983	-40.000000	47.854711
2984	-40.000000	47.924330
2985	-40.000000	47.638448
2986	-40.000000	47.402805
2987	-40.000000	47.458291
2988	-40.000000	46.299349
2989	-40.000000	47.475391
2990	-40.000000	48.147601
2991	-40.000000	47.047379
2992	-40.000000	33.043181
2993	-40.000000	32.792371
2994	-40.000000	32.767907
2995	-40.000000	32.631983
2996	-40.000000	32.555391
2997	-40.000000	32.800534
2998	-40.000000	47.419864
2999	-40.000000	47.351701
3000	-40.000000	44.388730
3001	-40.000000	32.751618
3002	-40.000000	46.980282
3003	-40.000000	47.080999
3004	-40.000000	47.220192
3005	-40.000000	33.218112
3006	-40.000000	48.090491
3007	-40.000000	47.746334
3008	-40.000000	47.347447
3009	-40.000000	48.002895
3010	-40.000000	44.960487
3011	-40.000000	47.475391
3012	-40.000000	46.573455
3013	-40.000000	47.135735
3014	-40.000000	47.385758
3015	-40.000000	32.605740
3016	-40.000000	47.085205
3017	-40.000000	46.474895
3018	-40.000000	47.419864
3019	-40.000000	32.929638
3020	-40.000000	46.821692
3021	-40.000000	47.026391
3022	-40.000000	32.981152
3023	-40.000000	33.243254
3024	-40.000000	32.958466
3025	-40.000000	33.120007
3026	-40.000000	33.218112
3027	-40.000000	45.480351
3028	-40.000000	33.061836
3029	-40.000000	35.843032
3030	-40.000000	47.135735
3031	-40.000000	32.529271
3032	-40.000000	47.313446
3033	-40.000000	47.441205
3034	-40.000000	47.475391
3035	-40.000000	47.651368
3036	-40.000000	48.016014
3037	-40.000000	33.018341
3038	-40.000000	47.296463
3039	-40.000000	33.034897
3040	-40.000000	48.143203
3041	-40.000000	47.815639
3042	-40.000000	33.243254
3043	-40.000000	47.911261
3044	-40.000000	33.437276
3045	-40.000000	33.182560
3046	-40.000000	33.270533
3047	-40.000000	46.800904
3048	-40.000000	48.165200
3049	-40.000000	47.526762
3050	-40.000000	46.871657
3051	-40.000000	47.742010
3052	-40.000000	46.335981
3053	-40.000000	32.513219
3054	-40.000000	32.853692
3055	-40.000000	32.921411
3056	-40.000000	33.111684
3057	-40.000000	33.207648
3058	-40.000000	47.526762
3059	-40.000000	47.707439
3060	-40.000000	47.458291
3061	-40.000000	33.147084
3062	-40.000000	47.526762
3063	-40.000000	45.677423
3064	-40.000000	47.085205
3065	-40.000000	46.368592
3066	-40.000000	33.209740
3067	-40.000000	46.997038
3068	-40.000000	47.207504
3069	-40.000000	47.030587
3070	-40.000000	47.746334
3071	-40.000000	47.381498
3072	-40.000000	47.313446
3073	-40.000000	47.946128
3074	-40.000000	48.257809
3075	-40.000000	47.262535
3076	-40.000000	33.059762
3077	-40.000000	47.330440
3078	-40.000000	31.104856
3079	-40.000000	47.064183
3080	-40.000000	47.565363
3081	-40.000000	32.479159
3082	-40.000000	32.888543
3083	-40.000000	32.861886
3084	-40.000000	32.827092
3085	-40.000000	33.339983
3086	-40.000000	47.436935
3087	-40.000000	47.313446
3088	-40.000000	46.149355
3089	-40.000000	33.138748
3090	-40.000000	32.539313
3091	-40.000000	47.152602
3092	-40.000000	33.165856
3093	-40.000000	47.190598
3094	-40.000000	47.102036
3095	-40.000000	47.330440
3096	-40.000000	47.798294
3097	-40.000000	31.574420
3098	-40.000000	47.471115
3099	-40.000000	47.815639
3100	-40.000000	48.094880
3101	-40.000000	47.798294
3102	-40.000000	47.385758
3103	-40.000000	55.804318
3104	-40.000000	38.452746
3105	-40.000000	47.763642
3106	-40.000000	47.368723
3107	-40.000000	47.368723
3108	-40.000000	47.616929
3109	-40.000000	33.287343
3110	-40.000000	33.306274
3111	-40.000000	47.526762
3112	-40.000000	33.113764
3113	-40.000000	32.972899
3114	-40.000000	32.999736
3115	-40.000000	47.492502
3116	-40.000000	47.759314
3117	-40.000000	47.599728
3118	-40.000000	33.314695
3119	-40.000000	33.306274
3120	-40.000000	33.306274
3121	-40.000000	47.441205
3122	-40.000000	33.297857
3123	-40.000000	48.130014
3124	-40.000000	48.072946
3125	-40.000000	47.368723
3126	-40.000000	48.020389
3127	-40.000000	47.436935
3128	-40.000000	44.960487
3129	-40.000000	46.800904
3130	-40.000000	47.724718
3131	-40.000000	47.837338
3132	-40.000000	47.224423
3133	-40.000000	47.492502
3134	-40.000000	47.780961
3135	-40.000000	48.257809
3136	-40.000000	49.532167
3137	-40.000000	47.351701
3138	-40.000000	47.030587
3139	-40.000000	37.929749
3140	-40.000000	35.801643
3141	-40.000000	47.381498
3142	-40.000000	33.051470
3143	-40.000000	34.028781
3144	-40.000000	32.878285
3145	-40.000000	33.113764
3146	-40.000000	47.114668
3147	-40.000000	36.392445
3148	-40.000000	38.091478
3149	-40.000000	34.790217
3150	-40.000000	37.388933
3151	-40.000000	38.171479
3152	-40.000000	47.492502
3153	-40.000000	34.176617
3154	-40.000000	37.567483
3155	-40.000000	37.634544
3156	-40.000000	54.354108
3157	-40.000000	51.018467
3158	-40.000000	54.376538
3159	-40.000000	37.747747
3160	-40.000000	50.895306
3161	-40.000000	38.475201
3162	-40.000000	54.025398
3163	-40.000000	54.281337
3164	-40.000000	38.149376
3165	-40.000000	53.046677
3166	-40.000000	37.989894
3167	-40.000000	33.008003
3168	-40.000000	37.233102
3169	-40.000000	46.627016
3170	-40.000000	32.853692
3171	-40.000000	46.925907
3172	-40.000000	33.165856
3173	-40.000000	34.009020
3174	-40.000000	33.070133
3175	-40.000000	32.904968
3176	-40.000000	32.743479
3177	-40.000000	35.507396
3178	-40.000000	48.125620
3179	-40.000000	33.070133
3180	-40.000000	37.965266
3181	-40.000000	35.811373
3182	-40.000000	37.343899
3183	-40.000000	34.156684
3184	-40.000000	37.556775
3185	-40.000000	54.231072
3186	-40.000000	47.419864
3187	-40.000000	36.244793
3188	-40.000000	36.541305
3189	-40.000000	36.202472
3190	-40.000000	55.528001
3191	-40.000000	38.382740
3192	-40.000000	54.025398
3193	-40.000000	54.075283
3194	-40.000000	37.680282
3195	-40.000000	37.522018
3196	-40.000000	37.987156
3197	-40.000000	34.723749
3198	-40.000000	37.691060
3199	-40.000000	37.399545
3200	-40.000000	35.750647
3201	-40.000000	54.874730
3202	-40.000000	46.048557
3203	-40.000000	33.226488
3204	-40.000000	32.751618
3205	-40.000000	33.165856
3206	-40.000000	32.913188
3207	-40.000000	32.972899
3208	-40.000000	47.009613
3209	-40.000000	33.193009
3210	-40.000000	33.034897
3211	-40.000000	46.921729
3212	-40.000000	46.821692
3213	-40.000000	33.422434
3214	-40.000000	46.751090
3215	-40.000000	33.076359
3216	-40.000000	33.105445
3217	-40.000000	47.009613
3218	-40.000000	33.105445
3219	-40.000000	33.078435
3220	-40.000000	54.449565
3221	-40.000000	47.330440
3222	-40.000000	47.906907
3223	-40.000000	47.668607
3224	-40.000000	47.655677
3225	-40.000000	47.981046
3226	-40.000000	33.043181
3227	-40.000000	47.419864
3228	-40.000000	31.749400
3229	-40.000000	32.529271
3230	-40.000000	47.190598
3231	-40.000000	47.275252
3232	-40.000000	31.143452
3233	-40.000000	33.034897
3234	-40.000000	32.321812
3235	-40.000000	32.725182
3236	-40.000000	32.741445
3237	-40.000000	47.963580
3238	-40.000000	33.253740
3239	-40.000000	47.872097
3240	-40.000000	48.002895
3241	-40.000000	33.182560
3242	-40.000000	46.892508
3243	-40.000000	33.348420
3244	-40.000000	32.991474
3245	-40.000000	45.948199
3246	-40.000000	47.655677
3247	-40.000000	32.956405
3248	-40.000000	33.016273
3249	-40.000000	48.147601
3250	-40.000000	38.738188
3251	-40.000000	54.851887
3252	-40.000000	45.996316
3253	-40.000000	47.889495
3254	-40.000000	46.976095
3255	-40.000000	47.385758
3256	-40.000000	47.296463
3257	-40.000000	30.922369
3258	-40.000000	33.262135
3259	-40.000000	31.934068
3260	-40.000000	32.896754
3261	-40.000000	47.296463
3262	-40.000000	32.861886
3263	-40.000000	46.181704
3264	-40.000000	32.489169
3265	-40.000000	47.156821
3266	-40.000000	46.048557
3267	-40.000000	45.515698
3268	-40.000000	33.138748
3269	-40.000000	46.561112
3270	-40.000000	32.851645
3271	-40.000000	32.698789
3272	-40.000000	45.996316
3273	-40.000000	33.333657
3274	-40.000000	33.122088
3275	-40.000000	33.138748
3276	-40.000000	46.980282
3277	-40.000000	46.664169
3278	-40.000000	33.016273
3279	-40.000000	47.872097
3280	-40.000000	48.165200
3281	-40.000000	47.832996
3282	-40.000000	47.454019
3283	-40.000000	33.051470
3284	-40.000000	48.112440
3285	-40.000000	47.292219
3286	-40.000000	32.818916
3287	-40.000000	45.316119
3288	-40.000000	47.436935
3289	-40.000000	46.474895
3290	-40.000000	46.921729
3291	-40.000000	32.706906
3292	-40.000000	32.682569
3293	-40.000000	32.503193
3294	-40.000000	25.128571
3295	-40.000000	47.152602
3296	-40.000000	47.368723
3297	-40.000000	47.419864
3298	-40.000000	47.368723
3299	-40.000000	32.964650
3300	-40.000000	44.784755
3301	-40.000000	47.207504
3302	-40.000000	31.525318
3303	-40.000000	47.258297
3304	-40.000000	47.543910
3305	-40.000000	47.906907
3306	-40.000000	32.513219
3307	-40.000000	47.690172
3308	-40.000000	33.218112
3309	-40.000000	47.963580
3310	-40.000000	48.182812
3311	-40.000000	47.946128
3312	-40.000000	32.904968
3313	-40.000000	35.661149
3314	-40.000000	50.753181
3315	-40.000000	47.330440
3316	-40.000000	33.917103
3317	-40.000000	47.746334
3318	-40.000000	32.073984
3319	-40.000000	32.767907
3320	-40.000000	45.880204
3321	-40.000000	47.330440
3322	-40.000000	32.921411
3323	-40.000000	33.565038
3324	-40.000000	33.043181
3325	-40.000000	36.068691
3326	-40.000000	37.736936
3327	-40.000000	47.436935
3328	-40.000000	34.165540
3329	-40.000000	49.846017
3330	-40.000000	47.169481
3331	-40.000000	46.544665
3332	-40.000000	32.723151
3333	-40.000000	37.301613
3334	-40.000000	47.565363
3335	-40.000000	47.798294
3336	-40.000000	48.200438
3337	-40.000000	37.588916
3338	-40.000000	53.815784
3339	-40.000000	50.689727
3340	-40.000000	54.760705
3341	-40.000000	38.545545
3342	-40.000000	53.981133
3343	-40.000000	53.656906
3344	-40.000000	49.846017
3345	-40.000000	33.278936
3346	-40.000000	37.976208
3347	-40.000000	33.149169
3348	-40.000000	44.670886
3349	-40.000000	46.980282
3350	-40.000000	31.669277
3351	-40.000000	32.886491
3352	-40.000000	34.896172
3353	-40.000000	47.102036
3354	-40.000000	47.381498
3355	-40.000000	47.561071
3356	-40.000000	47.946128
3357	-40.000000	33.339983
3358	-40.000000	32.818916
3359	-40.000000	38.033756
3360	-40.000000	47.118879
3361	-40.000000	47.064183
3362	-40.000000	47.102036
3363	-40.000000	47.118879
3364	-40.000000	47.203276
3365	-40.000000	47.724718
3366	-40.000000	47.526762
3367	-40.000000	48.200438
3368	-40.000000	33.350531
3369	-40.000000	48.072946
3370	-40.000000	54.903311
3371	-40.000000	38.105248
3372	-40.000000	38.182540
3373	-40.000000	54.141940
3374	-40.000000	37.954330
3375	-40.000000	38.299069
3376	-40.000000	37.872515
3377	-40.000000	37.047289
3378	-40.000000	38.185306
3379	-40.000000	37.998110
3380	-40.000000	37.112504
3381	-40.000000	37.277869
3382	-40.000000	37.658744
3383	-40.000000	28.947264
3384	-40.000000	37.222584
3385	-40.000000	38.324132
3386	-40.000000	38.047483
3387	-40.000000	37.354485
3388	-40.000000	37.267326
3389	-40.000000	37.005672
3390	-40.000000	38.033756
3391	-40.000000	37.613058
3392	-40.000000	37.378327
3393	-40.000000	37.818166
3394	-40.000000	38.335281
3395	-40.000000	54.635823
3396	-40.000000	38.915519
3397	-40.000000	38.357600
3398	-40.000000	55.751194
3399	-40.000000	54.186469
3400	-40.000000	38.630298
3401	-40.000000	53.821279
3402	-40.000000	54.703870
3403	-40.000000	37.962531
3404	-40.000000	55.904941
3405	-40.000000	54.635823
3406	-40.000000	37.736936
3407	-40.000000	37.535379
3408	-40.000000	38.360392
3409	-40.000000	38.229621
3410	-40.000000	38.066719
3411	-40.000000	37.883403
3412	-40.000000	37.965266
3413	-40.000000	37.209445
3414	-40.000000	37.399545
3415	-40.000000	37.907925
3416	-40.000000	38.033756
3417	-40.000000	37.951597
3418	-40.000000	37.772093
3419	-40.000000	37.826309
3420	-40.000000	37.567483
3421	-40.000000	36.850436
3422	-40.000000	37.288418
3423	-40.000000	37.233102
3424	-40.000000	38.641626
3425	-40.000000	38.559645
3426	-40.000000	38.009071
3427	-40.000000	38.393924
3428	-40.000000	54.613178
3429	-40.000000	54.326096
3430	-40.000000	38.360392
3431	-40.000000	55.382136
3432	-40.000000	54.421454
3433	-40.000000	54.236652
3434	-40.000000	37.410163
3435	-40.000000	37.918833
3436	-40.000000	54.236652
3437	-40.000000	54.823360
3438	-40.000000	37.897022
3439	-40.000000	37.918833
3440	-40.000000	37.769386
3441	-40.000000	37.932478
3442	-40.000000	28.612550
3443	-40.000000	35.965321
3444	-40.000000	37.850757
3445	-40.000000	28.541278
3446	-40.000000	37.998110
3447	-40.000000	54.897592
3448	-40.000000	37.894298
3449	-40.000000	37.701844
3450	-40.000000	38.243490
3451	-40.000000	54.777779
3452	-40.000000	54.613178
3453	-40.000000	48.975263
3454	-40.000000	38.044737
3455	-40.000000	38.009071
3456	-40.000000	54.829063
3457	-40.000000	38.301852
3458	-40.000000	54.658487
3459	-40.000000	38.843819
3460	-40.000000	55.875309
3461	-40.000000	37.918833
3462	-40.000000	38.534273
3463	-40.000000	56.023787
3464	-40.000000	55.289183
3465	-40.000000	54.545357
3466	-40.000000	38.466778
3467	-40.000000	38.116270
3468	-40.000000	37.723432
3469	-40.000000	37.423444
3470	-40.000000	37.658744
3471	-40.000000	37.976208
3472	-40.000000	38.511748
3473	-40.000000	37.522018
3474	-40.000000	37.288418
3475	-40.000000	28.296118
3476	-40.000000	28.915503
3477	-40.000000	33.925836
3478	-40.000000	38.419111
3479	-40.000000	37.897022
3480	-40.000000	37.861632
3481	-40.000000	37.861632
3482	-40.000000	38.160425
3483	-40.000000	37.962531
3484	-40.000000	38.689847
3485	-40.000000	37.907925
3486	-40.000000	38.523007
3487	-40.000000	37.839887
3488	-40.000000	38.419111
3489	-40.000000	54.635823
3490	-40.000000	37.940670
3491	-40.000000	38.160425
3492	-40.000000	39.039463
3493	-40.000000	38.441528
3494	-40.000000	38.171479
3495	-40.000000	38.127299
3496	-40.000000	36.711833
3497	-40.000000	37.669510
3498	-40.000000	38.182540
3499	-40.000000	38.127299
3500	-40.000000	38.416311
3501	-40.000000	37.680282
3502	-40.000000	37.680282
3503	-40.000000	37.320101
3504	-40.000000	37.444713
3505	-40.000000	37.399545
3506	-40.000000	37.312175
3507	-40.000000	38.160425
3508	-40.000000	37.897022
3509	-40.000000	38.570932
3510	-40.000000	37.613058
3511	-40.000000	37.556775
3512	-40.000000	36.329734
3513	-40.000000	37.850757
3514	-40.000000	54.186469
3515	-40.000000	37.839887
3516	-40.000000	37.736936
3517	-40.000000	54.755016
3518	-40.000000	38.497684
3519	-40.000000	37.998110
3520	-40.000000	38.486439
3521	-40.000000	38.254593
3522	-40.000000	55.306588
3523	-40.000000	38.382740
3524	-40.000000	55.904941
3525	-40.000000	38.310204
3526	-40.000000	38.664304
3527	-40.000000	38.149376
3528	-40.000000	37.701844
3529	-40.000000	54.806258
3530	-40.000000	37.793761
3531	-40.000000	38.077719
3532	-40.000000	36.992686
3533	-40.000000	37.998110
3534	-40.000000	37.954330
3535	-40.000000	37.434076
3536	-40.000000	37.872515
3537	-40.000000	37.837171
3538	-40.000000	37.850757
3539	-40.000000	37.365078
3540	-40.000000	38.290722
3541	-40.000000	54.398987
3542	-40.000000	54.635823
3543	-40.000000	37.500661
3544	-40.000000	37.036876
3545	-40.000000	37.897022
3546	-40.000000	37.468670
3547	-40.000000	54.926197
3548	-40.000000	38.290722
3549	-40.000000	53.564206
3550	-40.000000	37.081172
3551	-40.000000	38.441528
3552	-40.000000	38.335281
3553	-40.000000	55.213889
3554	-40.000000	55.434559
3555	-40.000000	54.732273
3556	-40.000000	38.243490
3557	-40.000000	38.149376
3558	-40.000000	37.277869
3559	-40.000000	38.287940
3560	-40.000000	37.599642
3561	-40.000000	38.102493
3562	-40.000000	37.522018
3563	-40.000000	28.886977
3564	-40.000000	29.034969
3565	-40.000000	37.886126
3566	-40.000000	37.567483
3567	-40.000000	29.047770
3568	-40.000000	37.826309
3569	-40.000000	37.826309
3570	-40.000000	37.758563
3571	-40.000000	54.709548
3572	-40.000000	37.057708
3573	-40.000000	37.578197
3574	-40.000000	37.897022
3575	-40.000000	37.954330
3576	-40.000000	37.837171
3577	-40.000000	38.022781
3578	-40.000000	55.017932
3579	-40.000000	38.265702
3580	-40.000000	55.382136
3581	-40.000000	38.430316
3582	-40.000000	55.283384
3583	-40.000000	39.100281
3584	-40.000000	55.999977
3585	-40.000000	54.635823
3586	-40.000000	54.949102
3587	-40.000000	37.907925
3588	-40.000000	54.208761
3589	-40.000000	38.232394
3590	-40.000000	37.965266
3591	-40.000000	38.196375
3592	-40.000000	37.658744
3593	-40.000000	37.476663
3594	-40.000000	37.723432
3595	-40.000000	37.420787
3596	-40.000000	37.277869
3597	-40.000000	37.850757
3598	-40.000000	37.354485
3599	-40.000000	37.815453
3600	0.000000	37.704541
3601	0.000000	33.182560
3602	0.000000	32.531279
