	Prbs		velocidad
0	19.000000	0.000000
1	19.000000	0.000000
2	19.000000	0.000000
3	19.000000	0.000000
4	19.000000	2.655902
5	19.000000	27.486013
6	19.000000	27.041803
7	19.000000	22.484079
8	19.000000	19.054690
9	19.000000	16.445811
10	19.000000	19.103725
11	19.000000	18.942382
12	19.000000	16.539218
13	19.000000	22.463955
14	19.000000	16.530399
15	19.000000	18.965557
16	19.000000	19.051246
17	19.000000	19.014134
18	19.000000	19.065718
19	19.000000	19.042987
20	19.000000	19.158583
21	19.000000	19.057446
22	19.000000	19.106496
23	19.000000	22.416186
24	19.000000	19.077450
25	19.000000	18.301739
26	19.000000	19.077450
27	19.000000	22.423816
28	19.000000	18.997001
29	19.000000	22.569768
30	19.000000	22.375267
31	19.000000	19.371230
32	19.000000	22.568801
33	19.000000	22.491755
34	19.000000	19.098188
35	19.000000	19.312318
36	19.000000	24.606526
37	19.000000	17.472958
38	19.000000	20.248628
39	19.000000	20.209808
40	19.000000	20.216009
41	19.000000	17.470062
42	19.000000	17.383061
43	19.000000	17.400277
44	19.000000	17.376184
45	19.000000	17.407748
46	19.000000	20.232305
47	19.000000	20.236189
48	19.000000	17.359015
49	19.000000	17.378476
50	19.000000	17.390517
51	19.000000	17.388222
52	19.000000	17.316242
53	19.000000	15.211746
54	19.000000	17.450975
55	19.000000	15.285861
56	19.000000	17.383061
57	19.000000	17.378476
58	19.000000	20.216009
59	19.000000	17.388222
60	19.000000	17.378476
61	19.000000	20.257967
62	19.000000	20.189680
63	19.000000	17.385354
64	19.000000	20.206709
65	19.000000	20.203610
66	19.000000	17.477593
67	19.000000	20.203610
68	19.000000	17.371030
69	19.000000	17.378476
70	19.000000	17.380768
71	19.000000	20.200513
72	19.000000	20.196643
73	19.000000	17.371602
74	19.000000	20.192774
75	19.000000	20.190453
76	19.000000	20.202836
77	19.000000	20.202836
78	19.000000	20.258746
79	19.000000	20.193548
80	19.000000	20.206709
81	19.000000	24.185371
82	19.000000	20.086577
83	19.000000	20.206709
84	19.000000	24.169844
85	19.000000	24.166519
86	19.000000	20.209808
87	19.000000	22.585242
88	19.000000	22.618194
89	19.000000	22.629848
90	19.000000	22.556245
91	19.000000	22.524435
92	19.000000	22.592987
93	19.000000	18.976482
94	19.000000	22.622078
95	19.000000	22.629848
96	19.000000	22.042146
97	19.000000	22.634707
98	19.000000	19.036797
99	19.000000	19.106496
100	26.000000	18.521041
101	26.000000	20.692203
102	26.000000	16.536623
103	26.000000	27.679434
104	26.000000	36.432694
105	26.000000	19.109266
106	26.000000	27.631548
107	26.000000	27.648942
108	26.000000	22.614313
109	26.000000	22.617224
110	26.000000	27.637344
111	26.000000	22.568801
112	26.000000	22.573634
113	26.000000	22.295761
114	26.000000	25.213920
115	26.000000	18.860366
116	26.000000	22.475450
117	26.000000	27.666358
118	26.000000	22.613342
119	26.000000	22.665855
120	26.000000	22.661957
121	26.000000	27.588159
122	26.000000	27.556427
123	26.000000	27.611283
124	26.000000	27.378930
125	26.000000	27.643142
126	26.000000	22.609462
127	26.000000	27.618517
128	26.000000	27.630100
129	26.000000	27.612730
130	26.000000	27.394583
131	26.000000	27.497485
132	26.000000	22.577502
133	26.000000	27.606945
134	26.000000	27.408829
135	26.000000	27.582384
136	26.000000	27.582384
137	26.000000	27.685250
138	26.000000	27.588159
139	26.000000	27.312249
140	26.000000	27.533395
141	26.000000	27.582384
142	26.000000	27.575169
143	26.000000	27.437365
144	26.000000	22.592987
145	26.000000	27.593937
146	26.000000	27.630100
147	26.000000	27.624307
148	26.000000	27.588159
149	26.000000	27.593937
150	26.000000	22.613342
151	26.000000	22.563970
152	26.000000	22.589114
153	26.000000	27.588159
154	26.000000	27.425944
155	26.000000	27.396007
156	26.000000	27.480281
157	26.000000	22.581371
158	26.000000	22.585242
159	26.000000	22.634707
160	26.000000	22.625962
161	26.000000	22.621107
162	26.000000	22.420000
163	26.000000	22.564936
164	26.000000	22.340177
165	26.000000	27.593937
166	26.000000	22.605584
167	26.000000	27.660550
168	26.000000	27.557868
169	26.000000	27.527643
170	26.000000	27.715822
171	26.000000	27.696888
172	26.000000	27.685250
173	26.000000	27.635895
174	26.000000	22.515775
175	26.000000	27.342003
176	26.000000	27.612730
177	26.000000	27.704167
178	26.000000	27.637344
179	26.000000	27.673621
180	26.000000	27.630100
181	26.000000	27.662002
182	26.000000	27.648942
183	26.000000	27.624307
184	26.000000	27.667810
185	26.000000	27.685250
186	26.000000	27.685250
187	26.000000	27.480281
188	26.000000	27.612730
189	26.000000	27.631548
190	26.000000	22.560107
191	26.000000	27.431653
192	26.000000	27.557868
193	26.000000	27.618517
194	26.000000	36.172657
195	26.000000	27.317912
196	26.000000	22.560107
197	26.000000	27.593937
198	26.000000	27.606945
199	26.000000	22.585242
200	5.000000	27.630100
201	5.000000	29.798269
202	5.000000	24.065007
203	5.000000	24.087002
204	5.000000	24.087002
205	5.000000	24.087002
206	5.000000	24.087002
207	5.000000	24.087002
208	5.000000	24.087002
209	5.000000	1.875687
210	5.000000	1.875687
211	5.000000	1.875687
212	5.000000	5.015146
213	5.000000	5.015146
214	5.000000	5.015146
215	5.000000	4.218734
216	5.000000	4.218734
217	5.000000	4.218734
218	5.000000	4.522552
219	5.000000	4.522552
220	5.000000	4.525814
221	5.000000	4.525814
222	5.000000	4.525814
223	5.000000	4.525814
224	5.000000	3.506728
225	5.000000	3.506728
226	5.000000	3.506728
227	5.000000	4.359532
228	5.000000	4.359532
229	5.000000	4.527136
230	5.000000	4.527136
231	5.000000	4.527136
232	5.000000	4.509898
233	5.000000	4.509898
234	5.000000	4.509898
235	5.000000	4.874833
236	5.000000	4.874833
237	5.000000	4.650606
238	5.000000	4.650606
239	5.000000	4.650606
240	5.000000	4.699452
241	5.000000	4.699452
242	5.000000	4.699452
243	5.000000	4.883550
244	5.000000	4.883550
245	5.000000	5.014717
246	5.000000	5.014717
247	5.000000	5.014717
248	5.000000	5.014717
249	5.000000	3.299994
250	5.000000	9.946440
251	5.000000	9.946440
252	5.000000	9.946440
253	5.000000	9.946440
254	5.000000	3.291442
255	5.000000	9.936314
256	5.000000	9.936314
257	5.000000	9.936314
258	5.000000	9.936314
259	5.000000	3.278707
260	5.000000	11.832876
261	5.000000	11.832876
262	5.000000	11.832876
263	5.000000	11.832876
264	5.000000	3.076139
265	5.000000	14.614090
266	5.000000	14.614090
267	5.000000	14.614090
268	5.000000	14.614090
269	5.000000	2.997264
270	5.000000	16.524180
271	5.000000	16.524180
272	5.000000	16.524180
273	5.000000	16.524180
274	5.000000	2.914881
275	5.000000	18.871170
276	5.000000	18.871170
277	5.000000	18.871170
278	5.000000	18.871170
279	5.000000	2.847713
280	5.000000	16.482325
281	5.000000	16.482325
282	5.000000	16.482325
283	5.000000	16.482325
284	5.000000	2.914285
285	5.000000	19.121052
286	5.000000	19.121052
287	5.000000	19.121052
288	5.000000	19.121052
289	5.000000	2.827274
290	5.000000	14.579729
291	5.000000	14.579729
292	5.000000	14.579729
293	5.000000	14.579729
294	5.000000	2.993059
295	5.000000	19.130074
296	5.000000	19.130074
297	5.000000	19.130074
298	5.000000	19.130074
299	5.000000	2.915220
300	21.000000	19.071927
301	21.000000	19.071927
302	21.000000	19.071927
303	21.000000	27.431653
304	21.000000	27.546346
305	21.000000	22.581371
306	21.000000	22.420000
307	21.000000	27.624307
308	21.000000	19.057446
309	21.000000	22.524435
310	21.000000	22.618194
311	21.000000	19.094728
312	21.000000	22.573634
313	21.000000	22.633735
314	21.000000	19.086431
315	21.000000	19.123827
316	21.000000	19.162066
317	21.000000	22.597830
318	21.000000	22.585242
319	21.000000	22.629848
320	21.000000	22.678533
321	21.000000	27.643142
322	21.000000	22.658060
323	21.000000	22.308028
324	21.000000	22.557211
325	21.000000	22.617224
326	21.000000	22.496555
327	21.000000	22.670729
328	21.000000	22.670729
329	21.000000	22.670729
330	21.000000	22.460126
331	21.000000	22.532139
332	21.000000	22.601706
333	21.000000	19.150230
334	21.000000	22.592987
335	21.000000	19.129379
336	21.000000	22.291989
337	21.000000	22.601706
338	21.000000	22.584274
339	21.000000	19.185083
340	21.000000	19.121052
341	21.000000	18.907727
342	21.000000	19.094728
343	21.000000	19.130074
344	21.000000	19.130074
345	21.000000	22.452472
346	21.000000	19.082976
347	21.000000	16.571979
348	21.000000	16.624248
349	21.000000	16.535067
350	21.000000	22.564936
351	21.000000	19.098188
352	21.000000	19.086431
353	21.000000	18.876577
354	21.000000	22.528286
355	21.000000	19.098188
356	21.000000	19.118277
357	21.000000	18.939660
358	21.000000	22.491755
359	21.000000	19.005906
360	21.000000	19.060203
361	21.000000	19.028549
362	21.000000	18.750330
363	21.000000	19.034734
364	21.000000	22.568801
365	21.000000	19.051246
366	21.000000	19.062960
367	21.000000	22.480243
368	21.000000	19.127297
369	21.000000	22.460126
370	21.000000	22.519623
371	21.000000	22.285391
372	21.000000	22.556245
373	21.000000	22.557211
374	21.000000	22.532139
375	21.000000	22.618194
376	21.000000	22.548526
377	21.000000	22.564936
378	21.000000	22.596861
379	21.000000	22.613342
380	21.000000	27.593937
381	21.000000	22.592987
382	21.000000	22.585242
383	21.000000	22.605584
384	21.000000	22.621107
385	21.000000	22.629848
386	21.000000	27.643142
387	21.000000	22.500396
388	21.000000	19.069167
389	21.000000	22.592987
390	21.000000	22.617224
391	21.000000	22.280681
392	21.000000	19.080212
393	21.000000	19.164853
394	21.000000	22.540811
395	21.000000	22.496555
396	21.000000	22.646377
397	21.000000	19.074688
398	21.000000	19.135630
399	21.000000	19.109959
400	23.000000	22.532139
401	23.000000	18.902980
402	23.000000	16.489028
403	23.000000	13.057320
404	23.000000	19.188575
405	23.000000	22.618194
406	23.000000	22.272207
407	23.000000	19.126603
408	23.000000	19.118277
409	23.000000	22.484079
410	23.000000	19.100264
411	23.000000	22.585242
412	23.000000	19.130074
413	23.000000	22.585242
414	23.000000	22.592987
415	23.000000	22.633735
416	23.000000	22.564936
417	23.000000	22.617224
418	23.000000	22.116137
419	23.000000	22.605584
420	23.000000	22.524435
421	23.000000	22.674630
422	23.000000	22.625962
423	23.000000	22.496555
424	23.000000	22.511929
425	23.000000	22.557211
426	23.000000	22.596861
427	23.000000	27.480281
428	23.000000	27.521894
429	23.000000	27.544906
430	23.000000	27.611283
431	23.000000	27.605499
432	23.000000	22.600737
433	23.000000	22.625962
434	23.000000	27.618517
435	23.000000	22.609462
436	23.000000	27.563633
437	23.000000	27.164448
438	23.000000	22.552385
439	23.000000	27.354774
440	23.000000	27.667810
441	23.000000	22.629848
442	23.000000	22.589114
443	23.000000	22.585242
444	23.000000	22.592987
445	23.000000	22.605584
446	23.000000	22.605584
447	23.000000	22.592987
448	23.000000	22.487916
449	23.000000	22.540811
450	23.000000	22.601706
451	23.000000	22.440045
452	23.000000	22.577502
453	23.000000	22.276914
454	23.000000	22.597830
455	23.000000	19.179498
456	23.000000	19.112038
457	23.000000	22.577502
458	23.000000	19.039547
459	23.000000	22.561073
460	23.000000	19.150230
461	23.000000	19.094728
462	23.000000	19.100956
463	23.000000	22.540811
464	23.000000	22.480243
465	23.000000	21.477193
466	23.000000	21.165842
467	23.000000	21.045831
468	23.000000	25.259838
469	23.000000	21.241760
470	23.000000	25.688263
471	23.000000	25.666997
472	23.000000	21.259753
473	23.000000	25.739697
474	23.000000	25.756049
475	23.000000	25.708311
476	23.000000	25.678251
477	23.000000	25.713327
478	23.000000	25.766122
479	23.000000	25.729645
480	23.000000	25.718346
481	23.000000	25.666997
482	23.000000	33.464875
483	23.000000	25.635787
484	23.000000	25.735927
485	23.000000	25.693272
486	23.000000	25.677000
487	23.000000	25.635787
488	23.000000	25.708311
489	23.000000	25.619588
490	23.000000	25.645766
491	23.000000	25.683256
492	23.000000	25.687011
493	23.000000	21.230637
494	23.000000	25.683256
495	23.000000	21.205865
496	23.000000	25.719601
497	23.000000	21.191371
498	23.000000	21.181152
499	23.000000	21.281212
500	35.000000	21.288089
501	35.000000	25.396154
502	35.000000	33.262135
503	35.000000	33.943314
504	35.000000	25.582283
505	35.000000	33.492520
506	35.000000	33.367421
507	35.000000	25.381479
508	35.000000	32.605740
509	35.000000	33.680860
510	35.000000	28.849030
511	35.000000	28.921850
512	35.000000	38.537090
513	35.000000	38.463970
514	35.000000	38.196375
515	35.000000	37.829024
516	35.000000	37.793761
517	35.000000	38.466778
518	35.000000	38.138335
519	35.000000	28.853768
520	35.000000	29.312707
521	35.000000	28.849030
522	35.000000	29.450287
523	35.000000	38.196375
524	35.000000	38.489250
525	35.000000	38.113514
526	35.000000	38.452746
527	35.000000	37.804604
528	35.000000	38.371563
529	35.000000	38.475201
530	35.000000	38.475201
531	35.000000	38.486439
532	35.000000	38.419111
533	35.000000	38.427514
534	35.000000	38.486439
535	35.000000	29.396084
536	35.000000	37.747747
537	35.000000	28.125495
538	35.000000	28.398264
539	35.000000	37.837171
540	35.000000	38.568110
541	35.000000	38.582226
542	35.000000	38.301852
543	35.000000	37.634544
544	35.000000	38.441528
545	35.000000	29.346981
546	35.000000	39.123500
547	35.000000	38.701210
548	35.000000	38.407913
549	35.000000	29.368239
550	35.000000	38.806640
551	35.000000	38.772384
552	35.000000	38.405114
553	35.000000	38.452746
554	35.000000	38.405114
555	35.000000	38.287940
556	35.000000	38.368769
557	35.000000	38.783796
558	35.000000	39.051032
559	35.000000	38.723957
560	35.000000	38.655797
561	35.000000	38.941395
562	35.000000	29.806695
563	35.000000	38.941395
564	35.000000	38.918392
565	35.000000	38.918392
566	35.000000	38.641626
567	35.000000	38.952907
568	35.000000	39.039463
569	35.000000	39.016344
570	35.000000	29.560953
571	35.000000	38.324132
572	35.000000	38.866734
573	35.000000	38.952907
574	35.000000	38.641626
575	35.000000	29.422339
576	35.000000	38.310204
577	35.000000	29.210363
578	35.000000	29.250890
579	35.000000	38.952907
580	35.000000	29.210363
581	35.000000	29.346981
582	35.000000	29.178022
583	35.000000	38.301852
584	35.000000	38.892546
585	35.000000	29.203889
586	35.000000	29.567586
587	35.000000	38.548364
588	35.000000	38.497684
589	35.000000	39.111887
590	35.000000	39.100281
591	35.000000	29.443706
592	35.000000	29.259009
593	35.000000	38.964426
594	35.000000	38.368769
595	35.000000	38.265702
596	35.000000	29.456871
597	35.000000	38.287940
598	35.000000	38.941395
599	35.000000	39.196236
600	43.000000	39.731026
601	43.000000	55.922736
602	43.000000	56.833274
603	43.000000	58.772501
604	43.000000	57.352751
605	43.000000	38.941395
606	43.000000	56.179043
607	43.000000	56.275014
608	43.000000	55.999977
609	43.000000	29.870886
610	43.000000	38.604833
611	43.000000	39.016344
612	43.000000	38.858138
613	43.000000	38.723957
614	43.000000	38.570932
615	43.000000	57.147543
616	43.000000	38.881070
617	43.000000	56.275014
618	43.000000	56.250991
619	43.000000	56.125203
620	43.000000	39.097380
621	43.000000	38.929890
622	43.000000	39.342523
623	43.000000	56.077432
624	43.000000	57.490378
625	43.000000	40.020637
626	43.000000	57.017718
627	43.000000	58.394836
628	43.000000	58.336667
629	43.000000	39.629458
630	43.000000	56.299058
631	43.000000	39.552138
632	43.000000	56.220990
633	43.000000	39.653309
634	43.000000	38.918392
635	43.000000	39.566983
636	43.000000	56.226988
637	43.000000	39.380737
638	43.000000	38.918392
639	43.000000	29.833689
640	43.000000	39.036571
641	43.000000	38.915519
642	43.000000	38.545545
643	43.000000	29.422339
644	43.000000	56.220990
645	43.000000	55.999977
646	43.000000	56.250991
647	43.000000	39.330780
648	43.000000	55.751194
649	43.000000	56.053577
650	43.000000	38.855274
651	43.000000	56.220990
652	43.000000	39.969044
653	43.000000	56.125203
654	43.000000	39.416077
655	43.000000	38.978833
656	43.000000	55.727615
657	43.000000	39.869273
658	43.000000	57.888170
659	43.000000	39.941784
660	43.000000	57.647576
661	43.000000	39.993306
662	43.000000	39.993306
663	43.000000	56.226988
664	43.000000	38.715424
665	43.000000	38.869601
666	43.000000	39.430821
667	43.000000	38.749580
668	43.000000	38.798070
669	43.000000	38.892546
670	43.000000	39.001908
671	43.000000	38.904029
672	43.000000	56.173056
673	43.000000	39.528407
674	43.000000	56.226988
675	43.000000	39.590760
676	43.000000	39.728031
677	43.000000	56.250991
678	43.000000	39.466251
679	43.000000	39.392510
680	43.000000	39.602659
681	43.000000	56.913053
682	43.000000	38.941395
683	43.000000	39.641380
684	43.000000	39.427871
685	43.000000	56.250991
686	43.000000	57.597179
687	43.000000	39.566983
688	43.000000	56.173056
689	43.000000	56.047616
690	43.000000	39.307315
691	43.000000	39.330780
692	43.000000	38.892546
693	43.000000	56.149120
694	43.000000	39.578868
695	43.000000	39.665246
696	43.000000	39.653309
697	43.000000	38.978833
698	43.000000	38.915519
699	43.000000	38.915519
700	21.000000	30.537183
701	21.000000	39.368971
702	21.000000	28.995037
703	21.000000	23.439998
704	21.000000	23.439998
705	21.000000	14.876426
706	21.000000	28.987064
707	21.000000	19.671996
708	21.000000	16.953642
709	21.000000	23.479677
710	21.000000	19.764945
711	21.000000	19.721312
712	21.000000	19.693311
713	21.000000	19.705828
714	21.000000	19.674933
715	21.000000	19.669059
716	21.000000	19.680810
717	21.000000	19.665390
718	21.000000	19.702882
719	21.000000	23.448340
720	21.000000	19.647064
721	21.000000	23.483861
722	21.000000	23.370362
723	21.000000	23.301140
724	21.000000	23.435829
725	21.000000	19.662456
726	21.000000	23.453557
727	21.000000	23.453557
728	21.000000	23.449383
729	21.000000	23.448340
730	21.000000	23.449383
731	21.000000	19.665390
732	21.000000	23.445211
733	21.000000	19.671996
734	21.000000	23.540500
735	21.000000	23.471312
736	21.000000	19.665390
737	21.000000	29.095876
738	21.000000	23.401491
739	21.000000	19.614163
740	21.000000	23.431661
741	21.000000	23.479677
742	21.000000	19.677871
743	21.000000	19.677871
744	21.000000	23.423331
745	21.000000	23.515293
746	21.000000	19.610514
747	21.000000	19.674933
748	21.000000	19.709513
749	21.000000	19.613433
750	21.000000	19.708776
751	21.000000	19.356290
752	21.000000	19.690369
753	21.000000	19.714673
754	21.000000	16.936210
755	21.000000	19.680810
756	21.000000	19.712461
757	21.000000	16.910671
758	21.000000	16.967833
759	21.000000	19.823672
760	21.000000	19.674933
761	21.000000	19.718361
762	21.000000	19.665390
763	21.000000	19.711724
764	21.000000	19.653657
765	21.000000	19.718361
766	21.000000	19.699936
767	21.000000	19.699200
768	21.000000	23.545758
769	21.000000	19.662456
770	21.000000	19.693311
771	21.000000	19.699200
772	21.000000	19.705828
773	21.000000	23.484908
774	21.000000	19.683750
775	21.000000	19.708776
776	21.000000	23.435829
777	21.000000	19.674933
778	21.000000	19.736820
779	21.000000	19.674933
780	21.000000	19.647064
781	21.000000	23.497472
782	21.000000	23.479677
783	21.000000	23.480723
784	21.000000	23.562599
785	21.000000	23.435829
786	21.000000	23.528940
787	21.000000	19.705091
788	21.000000	23.453557
789	21.000000	23.362075
790	21.000000	23.422290
791	21.000000	29.047770
792	21.000000	23.475494
793	21.000000	23.488047
794	21.000000	23.475494
795	21.000000	19.652925
796	21.000000	23.439998
797	21.000000	23.466087
798	21.000000	23.318665
799	21.000000	19.674933
800	45.000000	19.656589
801	45.000000	19.631696
802	45.000000	38.738188
803	45.000000	59.334885
804	45.000000	38.772384
805	45.000000	29.036568
806	45.000000	39.231246
807	45.000000	38.846682
808	45.000000	38.559645
809	45.000000	38.835233
810	45.000000	39.454434
811	45.000000	39.062609
812	45.000000	55.952419
813	45.000000	56.077432
814	45.000000	39.442624
815	45.000000	55.952419
816	45.000000	55.970244
817	45.000000	39.454434
818	45.000000	39.466251
819	45.000000	39.680177
820	45.000000	55.751194
821	45.000000	56.833274
822	45.000000	55.774792
823	45.000000	57.691745
824	45.000000	39.728031
825	45.000000	54.920474
826	45.000000	56.377344
827	45.000000	55.727615
828	45.000000	39.085783
829	45.000000	39.454434
830	45.000000	39.330780
831	45.000000	55.827962
832	45.000000	55.727615
833	45.000000	39.380737
834	45.000000	38.704052
835	45.000000	38.630298
836	45.000000	38.652962
837	45.000000	56.504265
838	45.000000	57.277960
839	45.000000	57.246854
840	45.000000	55.999977
841	45.000000	39.269243
842	45.000000	39.704089
843	45.000000	39.528407
844	45.000000	38.892546
845	45.000000	40.379360
846	45.000000	56.962259
847	45.000000	58.310851
848	45.000000	39.881340
849	45.000000	57.377725
850	45.000000	56.149120
851	45.000000	56.077432
852	45.000000	39.516553
853	45.000000	57.433996
854	45.000000	39.665246
855	45.000000	39.454434
856	45.000000	39.504706
857	45.000000	40.032795
858	45.000000	56.053577
859	45.000000	39.454434
860	45.000000	38.798070
861	45.000000	38.798070
862	45.000000	38.772384
863	45.000000	55.970244
864	45.000000	39.540269
865	45.000000	56.053577
866	45.000000	56.808772
867	45.000000	39.219569
868	45.000000	39.969044
869	45.000000	56.149120
870	45.000000	39.161289
871	45.000000	38.809497
872	45.000000	39.245851
873	45.000000	39.857213
874	45.000000	55.899012
875	45.000000	39.219569
876	45.000000	39.854199
877	45.000000	57.459041
878	45.000000	58.343124
879	45.000000	56.023787
880	45.000000	56.784291
881	45.000000	56.023787
882	45.000000	56.071467
883	45.000000	56.710973
884	45.000000	56.071467
885	45.000000	39.866257
886	45.000000	39.716056
887	45.000000	56.047616
888	45.000000	39.504706
889	45.000000	56.071467
890	45.000000	38.715424
891	45.000000	55.751194
892	45.000000	56.179043
893	45.000000	56.053577
894	45.000000	39.272169
895	45.000000	39.283878
896	45.000000	39.135119
897	45.000000	56.077432
898	45.000000	39.207899
899	45.000000	55.804318
900	9.000000	55.265994
901	9.000000	56.125203
902	9.000000	38.548364
903	9.000000	23.439998
904	9.000000	23.439998
905	9.000000	23.439998
906	9.000000	23.439998
907	9.000000	2.819787
908	9.000000	13.215450
909	9.000000	13.215450
910	9.000000	6.370756
911	9.000000	9.989988
912	9.000000	10.006679
913	9.000000	10.006679
914	9.000000	8.588287
915	9.000000	9.989042
916	9.000000	9.999465
917	9.000000	10.897118
918	9.000000	10.897118
919	9.000000	9.231811
920	9.000000	9.974863
921	9.000000	9.989231
922	9.000000	9.998706
923	9.000000	9.998706
924	9.000000	9.210194
925	9.000000	8.603568
926	9.000000	8.603568
927	9.000000	9.242657
928	9.000000	10.004969
929	9.000000	9.243468
930	9.000000	9.998706
931	9.000000	9.998706
932	9.000000	9.192685
933	9.000000	10.002691
934	9.000000	9.244603
935	9.000000	9.244603
936	9.000000	9.242820
937	9.000000	10.003450
938	9.000000	9.244765
939	9.000000	9.244765
940	9.000000	9.980341
941	9.000000	9.250281
942	9.000000	8.591087
943	9.000000	8.591087
944	9.000000	9.224379
945	9.000000	9.247522
946	9.000000	9.247522
947	9.000000	8.030102
948	9.000000	9.247522
949	9.000000	9.239903
950	9.000000	9.964680
951	9.000000	9.964680
952	9.000000	9.246873
953	9.000000	8.594729
954	9.000000	8.594729
955	9.000000	9.238607
956	9.000000	10.028193
957	9.000000	9.267848
958	9.000000	9.239417
959	9.000000	9.239417
960	9.000000	8.597674
961	9.000000	9.992261
962	9.000000	9.992261
963	9.000000	8.582973
964	9.000000	8.608908
965	9.000000	8.608908
966	9.000000	8.022402
967	9.000000	9.259870
968	9.000000	9.259870
969	9.000000	6.708821
970	9.000000	7.533364
971	9.000000	7.533364
972	9.000000	8.021913
973	9.000000	8.021913
974	9.000000	7.090397
975	9.000000	8.592488
976	9.000000	8.592488
977	9.000000	6.664708
978	9.000000	6.664708
979	9.000000	8.029123
980	9.000000	8.035856
981	9.000000	8.035856
982	9.000000	8.034753
983	9.000000	8.573619
984	9.000000	8.573619
985	9.000000	7.531964
986	9.000000	9.242657
987	9.000000	9.242657
988	9.000000	6.707113
989	9.000000	10.891263
990	9.000000	10.891263
991	9.000000	7.978683
992	9.000000	8.589407
993	9.000000	8.589407
994	9.000000	7.536487
995	9.000000	9.244116
996	9.000000	9.244116
997	9.000000	8.038307
998	9.000000	8.533503
999	9.000000	8.595290
1000	42.000000	8.595290
1001	42.000000	9.182595
1002	42.000000	57.073285
1003	42.000000	58.182116
1004	42.000000	29.409206
1005	42.000000	23.537346
1006	42.000000	55.651123
1007	42.000000	39.234166
1008	42.000000	29.218459
1009	42.000000	55.774792
1010	42.000000	38.287940
1011	42.000000	55.922736
1012	42.000000	55.875309
1013	42.000000	58.285059
1014	42.000000	39.100281
1015	42.000000	39.097380
1016	42.000000	56.377344
1017	42.000000	55.674637
1018	42.000000	38.820931
1019	42.000000	38.371563
1020	42.000000	38.975951
1021	42.000000	38.772384
1022	42.000000	38.582226
1023	42.000000	38.022781
1024	42.000000	38.335281
1025	42.000000	38.701210
1026	42.000000	38.463970
1027	42.000000	38.835233
1028	42.000000	39.516553
1029	42.000000	39.454434
1030	42.000000	37.489991
1031	42.000000	39.196236
1032	42.000000	38.835233
1033	42.000000	38.843819
1034	42.000000	55.999977
1035	42.000000	39.196236
1036	42.000000	55.976188
1037	42.000000	56.656109
1038	42.000000	39.755000
1039	42.000000	39.478075
1040	42.000000	39.442624
1041	42.000000	58.015607
1042	42.000000	57.433996
1043	42.000000	39.219569
1044	42.000000	39.161289
1045	42.000000	56.808772
1046	42.000000	39.905496
1047	42.000000	38.809497
1048	42.000000	38.820931
1049	42.000000	56.125203
1050	42.000000	39.219569
1051	42.000000	38.858138
1052	42.000000	38.749580
1053	42.000000	38.798070
1054	42.000000	38.349228
1055	42.000000	38.427514
1056	42.000000	29.265507
1057	42.000000	38.783796
1058	42.000000	38.881070
1059	42.000000	39.407236
1060	42.000000	47.651368
1061	42.000000	48.218076
1062	42.000000	48.240141
1063	42.000000	33.635723
1064	42.000000	48.182812
1065	42.000000	48.275489
1066	42.000000	47.672918
1067	42.000000	33.700242
1068	42.000000	33.590707
1069	42.000000	33.726119
1070	42.000000	33.520210
1071	42.000000	46.561112
1072	42.000000	48.275489
1073	42.000000	56.656109
1074	42.000000	55.213889
1075	42.000000	55.504611
1076	42.000000	56.455847
1077	42.000000	54.949102
1078	42.000000	38.232394
1079	42.000000	38.265702
1080	42.000000	55.976188
1081	42.000000	38.020038
1082	42.000000	38.182540
1083	42.000000	29.319229
1084	42.000000	38.243490
1085	42.000000	38.265702
1086	42.000000	38.160425
1087	42.000000	36.465462
1088	42.000000	54.829063
1089	42.000000	55.946480
1090	42.000000	55.428729
1091	42.000000	38.265702
1092	42.000000	38.525823
1093	42.000000	38.641626
1094	42.000000	39.036571
1095	42.000000	55.457890
1096	42.000000	39.027900
1097	42.000000	39.319044
1098	42.000000	38.360392
1099	42.000000	38.382740
1100	15.000000	52.560011
1101	15.000000	39.062609
1102	15.000000	28.742054
1103	15.000000	28.612550
1104	15.000000	13.084549
1105	15.000000	13.084549
1106	15.000000	6.719255
1107	15.000000	7.997933
1108	15.000000	13.170868
1109	15.000000	19.531305
1110	15.000000	14.771777
1111	15.000000	13.162645
1112	15.000000	13.173501
1113	15.000000	14.785867
1114	15.000000	14.143503
1115	15.000000	15.488900
1116	15.000000	13.778934
1117	15.000000	15.639648
1118	15.000000	13.882366
1119	15.000000	15.680593
1120	15.000000	13.857911
1121	15.000000	15.672667
1122	15.000000	13.825922
1123	15.000000	15.598916
1124	15.000000	15.664748
1125	15.000000	13.613446
1126	15.000000	15.506216
1127	15.000000	15.600763
1128	15.000000	13.942591
1129	15.000000	15.678261
1130	15.000000	13.862649
1131	15.000000	12.451789
1132	15.000000	13.865567
1133	15.000000	13.803111
1134	15.000000	13.862649
1135	15.000000	13.818310
1136	15.000000	12.427128
1137	15.000000	13.766698
1138	15.000000	13.813964
1139	15.000000	13.837900
1140	15.000000	13.859733
1141	15.000000	13.869945
1142	15.000000	15.694134
1143	15.000000	13.876518
1144	15.000000	13.891513
1145	15.000000	13.871770
1146	15.000000	13.887121
1147	15.000000	15.653118
1148	15.000000	13.865567
1149	15.000000	15.654978
1150	15.000000	13.888585
1151	15.000000	13.806003
1152	15.000000	15.610466
1153	15.000000	13.901039
1154	15.000000	15.654978
1155	15.000000	13.842625
1156	15.000000	13.847353
1157	15.000000	13.882366
1158	15.000000	15.641505
1159	15.000000	13.873231
1160	15.000000	13.897740
1161	15.000000	13.845898
1162	15.000000	15.672667
1163	15.000000	15.633618
1164	15.000000	13.877614
1165	15.000000	13.812516
1166	15.000000	15.662886
1167	15.000000	15.674531
1168	15.000000	13.897740
1169	15.000000	15.676396
1170	15.000000	15.663352
1171	15.000000	15.600301
1172	15.000000	15.692265
1173	15.000000	17.744135
1174	15.000000	15.620182
1175	15.000000	13.864108
1176	15.000000	15.678728
1177	15.000000	15.633618
1178	15.000000	13.906907
1179	15.000000	15.645219
1180	15.000000	18.036814
1181	15.000000	15.665214
1182	15.000000	15.664748
1183	15.000000	15.672667
1184	15.000000	15.670803
1185	15.000000	15.639648
1186	15.000000	17.990640
1187	15.000000	18.006005
1188	15.000000	15.668474
1189	15.000000	15.670803
1190	15.000000	15.587383
1191	15.000000	17.977141
1192	15.000000	18.014005
1193	15.000000	15.494820
1194	15.000000	18.086329
1195	15.000000	15.651259
1196	15.000000	15.651259
1197	15.000000	15.684326
1198	15.000000	15.653118
1199	15.000000	13.885292
1200	15.000000	17.895351
1201	15.000000	17.759082
1202	15.000000	15.592917
1203	15.000000	17.870475
1204	15.000000	13.832090
1205	15.000000	10.275706
1206	15.000000	12.418637
1207	15.000000	17.975301
1208	15.000000	15.631763
1209	15.000000	13.882366
1210	15.000000	13.873231
1211	15.000000	13.908742
1212	15.000000	13.882366
1213	15.000000	13.871770
1214	15.000000	13.808897
1215	15.000000	11.288509
1216	15.000000	12.456792
1217	15.000000	12.455615
1218	15.000000	13.877980
1219	15.000000	13.894443
1220	15.000000	12.465630
1221	15.000000	13.876153
1222	15.000000	13.869945
1223	15.000000	13.898106
1224	15.000000	15.692265
1225	15.000000	13.896274
1226	15.000000	13.901039
1227	15.000000	13.731907
1228	15.000000	13.879441
1229	15.000000	13.877980
1230	15.000000	13.902139
1231	15.000000	13.910210
1232	15.000000	15.473894
1233	15.000000	15.600763
1234	15.000000	13.871770
1235	15.000000	15.674531
1236	15.000000	15.647541
1237	15.000000	15.658698
1238	15.000000	13.850264
1239	15.000000	13.870310
1240	15.000000	15.597070
1241	15.000000	16.034553
1242	15.000000	13.859369
1243	15.000000	13.888585
1244	15.000000	15.678728
1245	15.000000	13.877614
1246	15.000000	15.686660
1247	15.000000	13.908375
1248	15.000000	15.655443
1249	15.000000	13.867026
1250	15.000000	15.585079
1251	15.000000	15.725975
1252	15.000000	13.863743
1253	15.000000	15.641505
1254	15.000000	15.637792
1255	15.000000	13.874692
1256	15.000000	15.662886
1257	15.000000	17.980207
1258	15.000000	15.668939
1259	15.000000	17.969786
1260	15.000000	18.003545
1261	15.000000	15.662886
1262	15.000000	18.018932
1263	15.000000	17.865023
1264	15.000000	17.985729
1265	15.000000	15.641041
1266	15.000000	17.962437
1267	15.000000	17.964886
1268	15.000000	18.011543
1269	15.000000	17.972237
1270	15.000000	15.686660
1271	15.000000	15.571726
1272	15.000000	17.844459
1273	15.000000	15.631763
1274	15.000000	15.651259
1275	15.000000	15.680593
1276	15.000000	15.694134
1277	15.000000	17.975301
1278	15.000000	15.641505
1279	15.000000	15.696003
1280	15.000000	15.672667
1281	15.000000	13.867026
1282	15.000000	15.508497
1283	15.000000	15.647077
1284	15.000000	13.907274
1285	15.000000	15.575407
1286	15.000000	13.875057
1287	15.000000	15.682460
1288	15.000000	13.867026
1289	15.000000	13.897740
1290	15.000000	13.873231
1291	15.000000	13.830275
1292	15.000000	13.864108
1293	15.000000	13.870310
1294	15.000000	13.882366
1295	15.000000	13.892978
1296	15.000000	12.454437
1297	15.000000	12.419807
1298	15.000000	13.874692
1299	15.000000	12.469169
1300	10.000000	13.911679
1301	10.000000	12.322247
1302	10.000000	12.327434
1303	10.000000	12.327434
1304	10.000000	5.335545
1305	10.000000	9.503467
1306	10.000000	11.288509
1307	10.000000	11.288509
1308	10.000000	7.715090
1309	10.000000	9.522870
1310	10.000000	9.522870
1311	10.000000	10.347929
1312	10.000000	9.517023
1313	10.000000	9.409476
1314	10.000000	9.509125
1315	10.000000	9.509125
1316	10.000000	8.801840
1317	10.000000	9.516336
1318	10.000000	9.575115
1319	10.000000	9.575115
1320	10.000000	9.533032
1321	10.000000	9.533721
1322	10.000000	9.517883
1323	10.000000	9.517883
1324	10.000000	9.531480
1325	10.000000	9.571464
1326	10.000000	9.507753
1327	10.000000	9.507753
1328	10.000000	9.538034
1329	10.000000	9.537344
1330	10.000000	9.536481
1331	10.000000	9.519946
1332	10.000000	9.519946
1333	10.000000	9.527345
1334	10.000000	8.812288
1335	10.000000	10.329070
1336	10.000000	10.329070
1337	10.000000	9.514275
1338	10.000000	9.517711
1339	10.000000	9.534411
1340	10.000000	9.534411
1341	10.000000	9.535964
1342	10.000000	9.529240
1343	10.000000	10.346101
1344	10.000000	10.345289
1345	10.000000	10.345289
1346	10.000000	9.541661
1347	10.000000	10.275105
1348	10.000000	10.312095
1349	10.000000	10.371754
1350	10.000000	11.207855
1351	10.000000	10.325832
1352	10.000000	10.325832
1353	10.000000	10.338390
1354	10.000000	10.283525
1355	10.000000	12.395273
1356	10.000000	10.346914
1357	10.000000	10.356266
1358	10.000000	10.362374
1359	10.000000	10.362374
1360	10.000000	10.346914
1361	10.000000	10.356266
1362	10.000000	10.348742
1363	10.000000	10.352808
1364	10.000000	10.303829
1365	10.000000	10.303829
1366	10.000000	11.272334
1367	10.000000	11.291411
1368	10.000000	12.474186
1369	10.000000	11.305701
1370	10.000000	12.405192
1371	10.000000	11.234851
1372	10.000000	12.404024
1373	10.000000	11.296735
1374	10.000000	11.317839
1375	10.000000	10.364004
1376	10.000000	11.308855
1377	10.000000	11.309825
1378	10.000000	11.305944
1379	10.000000	11.305944
1380	10.000000	11.275228
1381	10.000000	10.363189
1382	10.000000	10.358097
1383	10.000000	10.357894
1384	10.000000	11.257166
1385	10.000000	11.317110
1386	10.000000	11.317110
1387	10.000000	10.339201
1388	10.000000	10.334133
1389	10.000000	10.349555
1390	10.000000	10.331702
1391	10.000000	10.343462
1392	10.000000	11.288509
1393	10.000000	11.288509
1394	10.000000	9.530791
1395	10.000000	10.341027
1396	10.000000	9.508439
1397	10.000000	10.354638
1398	10.000000	10.354638
1399	10.000000	9.561219
1400	42.000000	10.361559
1401	42.000000	9.432039
1402	42.000000	33.190918
1403	42.000000	85.772463
1404	42.000000	47.850366
1405	42.000000	21.052556
1406	42.000000	47.582539
1407	42.000000	48.328607
1408	42.000000	33.342092
1409	42.000000	33.367421
1410	42.000000	47.872097
1411	42.000000	47.565363
1412	42.000000	47.599728
1413	42.000000	33.672254
1414	42.000000	48.072946
1415	42.000000	48.315316
1416	42.000000	39.234166
1417	42.000000	55.804318
1418	42.000000	39.419025
1419	42.000000	48.350774
1420	42.000000	48.240141
1421	42.000000	48.484204
1422	42.000000	48.368522
1423	42.000000	48.573568
1424	42.000000	46.838335
1425	42.000000	33.580007
1426	42.000000	48.350774
1427	42.000000	48.390726
1428	42.000000	46.165524
1429	42.000000	47.981046
1430	42.000000	47.672918
1431	42.000000	33.590707
1432	42.000000	54.874730
1433	42.000000	38.069468
1434	42.000000	37.907925
1435	42.000000	38.080470
1436	42.000000	38.207451
1437	42.000000	37.826309
1438	42.000000	29.319229
1439	42.000000	38.080470
1440	42.000000	38.895416
1441	42.000000	56.226988
1442	42.000000	38.855274
1443	42.000000	38.559645
1444	42.000000	55.190763
1445	42.000000	55.405423
1446	42.000000	38.596352
1447	42.000000	38.570932
1448	42.000000	38.941395
1449	42.000000	38.978833
1450	42.000000	39.025010
1451	42.000000	55.260200
1452	42.000000	39.077090
1453	42.000000	39.893414
1454	42.000000	55.260200
1455	42.000000	56.839403
1456	42.000000	38.832372
1457	42.000000	55.434559
1458	42.000000	55.875309
1459	42.000000	55.237035
1460	42.000000	38.795215
1461	42.000000	55.161882
1462	42.000000	38.276818
1463	42.000000	38.427514
1464	42.000000	38.312989
1465	42.000000	38.251817
1466	42.000000	38.218533
1467	42.000000	38.301852
1468	42.000000	38.312989
1469	42.000000	38.990367
1470	42.000000	38.393924
1471	42.000000	38.419111
1472	42.000000	38.534273
1473	42.000000	55.283384
1474	42.000000	55.283384
1475	42.000000	38.393924
1476	42.000000	38.641626
1477	42.000000	55.481241
1478	42.000000	55.382136
1479	42.000000	55.434559
1480	42.000000	39.283878
1481	42.000000	39.039463
1482	42.000000	55.283384
1483	42.000000	39.036571
1484	42.000000	39.345460
1485	42.000000	55.434559
1486	42.000000	39.039463
1487	42.000000	56.784291
1488	42.000000	39.001908
1489	42.000000	37.479328
1490	42.000000	55.922736
1491	42.000000	39.172931
1492	42.000000	39.269243
1493	42.000000	38.641626
1494	42.000000	38.360392
1495	42.000000	38.895416
1496	42.000000	38.701210
1497	42.000000	38.618976
1498	42.000000	29.700878
1499	42.000000	38.738188
1500	21.000000	38.941395
1501	21.000000	38.735341
1502	21.000000	29.034969
1503	21.000000	19.681545
1504	21.000000	9.231811
1505	21.000000	13.229049
1506	21.000000	23.453557
1507	21.000000	16.910671
1508	21.000000	19.650726
1509	21.000000	19.513227
1510	21.000000	19.631696
1511	21.000000	23.409806
1512	21.000000	19.485814
1513	21.000000	19.631696
1514	21.000000	23.431661
1515	21.000000	19.656589
1516	21.000000	19.671996
1517	21.000000	19.681545
1518	21.000000	20.035420
1519	21.000000	19.641207
1520	21.000000	23.471312
1521	21.000000	23.532091
1522	21.000000	23.489094
1523	21.000000	29.142529
1524	21.000000	23.505855
1525	21.000000	23.488047
1526	21.000000	23.510049
1527	21.000000	23.501663
1528	21.000000	23.496424
1529	21.000000	23.431661
1530	21.000000	23.471312
1531	21.000000	23.449383
1532	21.000000	23.479677
1533	21.000000	23.431661
1534	21.000000	19.582827
1535	21.000000	19.613433
1536	21.000000	19.686691
1537	21.000000	19.690369
1538	21.000000	19.711724
1539	21.000000	23.423331
1540	21.000000	19.721312
1541	21.000000	19.652925
1542	21.000000	19.730909
1543	21.000000	19.702145
1544	21.000000	19.674933
1545	21.000000	19.470698
1546	21.000000	19.981492
1547	21.000000	19.567560
1548	21.000000	16.947646
1549	21.000000	16.935666
1550	21.000000	16.959097
1551	21.000000	16.928594
1552	21.000000	19.702882
1553	21.000000	19.684486
1554	21.000000	19.696255
1555	21.000000	19.573373
1556	21.000000	19.780522
1557	21.000000	21.063493
1558	21.000000	17.964886
1559	21.000000	21.084558
1560	21.000000	21.130203
1561	21.000000	21.155647
1562	21.000000	21.112429
1563	21.000000	21.109892
1564	21.000000	21.056761
1565	21.000000	20.746774
1566	21.000000	21.041630
1567	21.000000	20.929666
1568	21.000000	20.884883
1569	21.000000	25.412072
1570	21.000000	21.063493
1571	21.000000	20.936317
1572	21.000000	20.850183
1573	21.000000	25.516643
1574	21.000000	25.525293
1575	21.000000	20.951297
1576	21.000000	25.320512
1577	21.000000	20.999713
1578	21.000000	25.494427
1579	21.000000	25.464865
1580	21.000000	25.469788
1581	21.000000	25.499361
1582	21.000000	25.500594
1583	21.000000	21.073599
1584	21.000000	21.112429
1585	21.000000	20.957962
1586	21.000000	21.049193
1587	21.000000	21.066861
1588	21.000000	20.842763
1589	21.000000	21.028198
1590	21.000000	21.017297
1591	21.000000	20.905592
1592	21.000000	21.098062
1593	21.000000	21.042470
1594	21.000000	18.029410
1595	21.000000	21.227216
1596	21.000000	21.083715
1597	21.000000	21.084558
1598	21.000000	18.039901
1599	21.000000	21.066861
1600	26.000000	21.109047
1601	26.000000	20.898132
1602	26.000000	20.836995
1603	26.000000	25.279222
1604	26.000000	21.087933
1605	26.000000	20.996366
1606	26.000000	21.081185
1607	26.000000	21.084558
1608	26.000000	20.964631
1609	26.000000	25.371704
1610	26.000000	25.546325
1611	26.000000	25.284073
1612	26.000000	25.274374
1613	26.000000	25.526530
1614	26.000000	21.084558
1615	26.000000	33.051470
1616	26.000000	25.484566
1617	26.000000	25.474712
1618	26.000000	25.484566
1619	26.000000	25.515408
1620	26.000000	25.687011
1621	26.000000	25.536424
1622	26.000000	25.525293
1623	26.000000	25.541374
1624	26.000000	25.484566
1625	26.000000	25.603409
1626	26.000000	25.474712
1627	26.000000	33.051470
1628	26.000000	25.484566
1629	26.000000	25.603409
1630	26.000000	33.350531
1631	26.000000	25.304709
1632	26.000000	32.956405
1633	26.000000	25.546325
1634	26.000000	25.376591
1635	26.000000	24.888879
1636	26.000000	32.810744
1637	26.000000	25.489495
1638	26.000000	32.471155
1639	26.000000	32.921411
1640	26.000000	25.557474
1641	26.000000	25.567392
1642	26.000000	25.593463
1643	26.000000	25.577318
1644	26.000000	33.528740
1645	26.000000	25.463635
1646	26.000000	25.432918
1647	26.000000	25.376591
1648	26.000000	25.304709
1649	26.000000	25.407172
1650	26.000000	21.087933
1651	26.000000	21.109047
1652	26.000000	25.593463
1653	26.000000	25.577318
1654	26.000000	25.572354
1655	26.000000	21.087933
1656	26.000000	21.510500
1657	26.000000	25.474712
1658	26.000000	25.463635
1659	26.000000	25.624570
1660	26.000000	33.403371
1661	26.000000	25.583525
1662	26.000000	25.593463
1663	26.000000	33.018341
1664	26.000000	25.526530
1665	26.000000	25.268315
1666	26.000000	33.289445
1667	26.000000	25.515408
1668	26.000000	25.520350
1669	26.000000	25.671998
1670	26.000000	25.557474
1671	26.000000	33.358974
1672	26.000000	25.541374
1673	26.000000	33.323120
1674	26.000000	25.567392
1675	26.000000	25.531476
1676	26.000000	20.753309
1677	26.000000	33.411841
1678	26.000000	33.367421
1679	26.000000	25.530239
1680	26.000000	25.469788
1681	26.000000	33.358974
1682	26.000000	25.474712
1683	26.000000	33.518079
1684	26.000000	25.509234
1685	26.000000	33.157510
1686	26.000000	25.344864
1687	26.000000	33.367421
1688	26.000000	25.299850
1689	26.000000	25.562432
1690	26.000000	25.442739
1691	26.000000	25.489495
1692	26.000000	25.510468
1693	26.000000	25.463635
1694	26.000000	33.350531
1695	26.000000	25.473481
1696	26.000000	25.279222
1697	26.000000	25.320512
1698	26.000000	25.172977
1699	26.000000	21.063493
1700	10.000000	21.109047
1701	10.000000	20.954629
1702	10.000000	20.915547
1703	10.000000	10.326642
1704	10.000000	10.326642
1705	10.000000	10.326642
1706	10.000000	4.031419
1707	10.000000	12.404024
1708	10.000000	12.404024
1709	10.000000	8.823353
1710	10.000000	8.241936
1711	10.000000	10.302822
1712	10.000000	10.302822
1713	10.000000	9.494052
1714	10.000000	9.537344
1715	10.000000	9.533721
1716	10.000000	10.346101
1717	10.000000	10.346101
1718	10.000000	10.346914
1719	10.000000	9.561219
1720	10.000000	9.522870
1721	10.000000	10.313104
1722	10.000000	10.313104
1723	10.000000	9.508439
1724	10.000000	10.264899
1725	10.000000	9.518570
1726	10.000000	9.518570
1727	10.000000	9.514962
1728	10.000000	9.522870
1729	10.000000	9.534411
1730	10.000000	9.500555
1731	10.000000	9.500555
1732	10.000000	8.837703
1733	10.000000	9.538034
1734	10.000000	9.448440
1735	10.000000	9.448440
1736	10.000000	10.294371
1737	10.000000	9.499014
1738	10.000000	9.533032
1739	10.000000	10.334133
1740	10.000000	10.334133
1741	10.000000	9.532342
1742	10.000000	9.523558
1743	10.000000	10.381969
1744	10.000000	10.381969
1745	10.000000	9.531480
1746	10.000000	8.844674
1747	10.000000	9.465408
1748	10.000000	10.339201
1749	10.000000	10.339201
1750	10.000000	9.499870
1751	10.000000	10.351181
1752	10.000000	9.533032
1753	10.000000	10.334133
1754	10.000000	10.334133
1755	10.000000	10.335957
1756	10.000000	9.522181
1757	10.000000	10.353621
1758	10.000000	10.350368
1759	10.000000	10.350368
1760	10.000000	10.353011
1761	10.000000	10.346101
1762	10.000000	9.455559
1763	10.000000	10.283324
1764	10.000000	11.264384
1765	10.000000	11.264384
1766	10.000000	10.324821
1767	10.000000	10.228048
1768	10.000000	11.300853
1769	10.000000	10.301211
1770	10.000000	11.299642
1771	10.000000	10.347726
1772	10.000000	11.279329
1773	10.000000	11.279329
1774	10.000000	10.284328
1775	10.000000	11.234132
1776	10.000000	11.273298
1777	10.000000	11.309825
1778	10.000000	11.304731
1779	10.000000	11.309825
1780	10.000000	10.347726
1781	10.000000	10.347726
1782	10.000000	9.530101
1783	10.000000	11.225041
1784	10.000000	10.313911
1785	10.000000	11.296493
1786	10.000000	10.315526
1787	10.000000	11.270406
1788	10.000000	11.270406
1789	10.000000	10.337579
1790	10.000000	10.327249
1791	10.000000	11.316139
1792	10.000000	10.380129
1793	10.000000	9.557059
1794	10.000000	9.557059
1795	10.000000	10.338390
1796	10.000000	10.344274
1797	10.000000	10.323203
1798	10.000000	10.342650
1799	10.000000	9.533721
1800	29.000000	10.300406
1801	29.000000	10.300406
1802	29.000000	20.937149
1803	29.000000	48.072946
1804	29.000000	32.445170
1805	29.000000	20.965465
1806	29.000000	25.572354
1807	29.000000	32.861886
1808	29.000000	25.432918
1809	29.000000	25.489495
1810	29.000000	25.494427
1811	29.000000	25.324162
1812	29.000000	24.908875
1813	29.000000	25.552518
1814	29.000000	25.320512
1815	29.000000	33.034897
1816	29.000000	25.428010
1817	29.000000	25.536424
1818	29.000000	33.420315
1819	29.000000	25.505530
1820	29.000000	25.453798
1821	29.000000	33.045253
1822	29.000000	25.557474
1823	29.000000	33.456378
1824	29.000000	33.278936
1825	29.000000	25.530239
1826	29.000000	25.552518
1827	29.000000	33.358974
1828	29.000000	32.956405
1829	29.000000	25.567392
1830	29.000000	25.567392
1831	29.000000	33.411841
1832	29.000000	33.456378
1833	29.000000	33.130416
1834	29.000000	33.430914
1835	29.000000	33.411841
1836	29.000000	33.314695
1837	29.000000	33.473376
1838	29.000000	25.719601
1839	29.000000	33.287343
1840	29.000000	25.739697
1841	29.000000	33.590707
1842	29.000000	33.403371
1843	29.000000	33.111684
1844	29.000000	25.515408
1845	29.000000	33.447886
1846	29.000000	33.447886
1847	29.000000	25.339990
1848	29.000000	25.463635
1849	29.000000	32.983216
1850	29.000000	25.588493
1851	29.000000	25.520350
1852	29.000000	25.583525
1853	29.000000	21.076970
1854	29.000000	21.084558
1855	29.000000	25.244111
1856	29.000000	33.016273
1857	29.000000	33.394905
1858	29.000000	25.530239
1859	29.000000	25.734670
1860	29.000000	25.525293
1861	29.000000	25.557474
1862	29.000000	25.546325
1863	29.000000	25.386369
1864	29.000000	25.458715
1865	29.000000	33.105445
1866	29.000000	33.350531
1867	29.000000	25.458715
1868	29.000000	33.306274
1869	29.000000	33.342092
1870	29.000000	33.105445
1871	29.000000	33.149169
1872	29.000000	25.500594
1873	29.000000	33.207648
1874	29.000000	33.270533
1875	29.000000	25.650758
1876	29.000000	33.287343
1877	29.000000	33.095051
1878	29.000000	33.209740
1879	29.000000	33.260036
1880	29.000000	33.394905
1881	29.000000	33.350531
1882	29.000000	25.724622
1883	29.000000	33.234869
1884	29.000000	33.464875
1885	29.000000	25.582283
1886	29.000000	25.505530
1887	29.000000	33.520210
1888	29.000000	25.582283
1889	29.000000	25.578559
1890	29.000000	33.367421
1891	29.000000	25.213920
1892	29.000000	25.218746
1893	29.000000	25.510468
1894	29.000000	25.494427
1895	29.000000	25.469788
1896	29.000000	25.479638
1897	29.000000	25.484566
1898	29.000000	33.190918
1899	29.000000	25.541374
1900	22.000000	24.534366
1901	22.000000	33.103365
1902	22.000000	33.226488
1903	22.000000	25.188616
1904	22.000000	17.926392
1905	22.000000	17.946535
1906	22.000000	25.152555
1907	22.000000	21.074442
1908	22.000000	21.137830
1909	22.000000	20.972139
1910	22.000000	25.515408
1911	22.000000	21.703594
1912	22.000000	21.098907
1913	22.000000	21.087933
1914	22.000000	21.091308
1915	22.000000	21.184557
1916	22.000000	25.097461
1917	22.000000	20.706022
1918	22.000000	25.258628
1919	22.000000	25.432918
1920	22.000000	20.961296
1921	22.000000	25.531476
1922	22.000000	21.010595
1923	22.000000	25.193432
1924	22.000000	25.484566
1925	22.000000	25.510468
1926	22.000000	25.309570
1927	22.000000	25.310785
1928	22.000000	25.468557
1929	22.000000	21.066861
1930	22.000000	21.109892
1931	22.000000	23.479677
1932	22.000000	23.441040
1933	22.000000	23.483861
1934	22.000000	19.647064
1935	22.000000	21.070229
1936	22.000000	21.112429
1937	22.000000	21.194780
1938	22.000000	21.013946
1939	22.000000	25.299850
1940	22.000000	21.074442
1941	22.000000	21.141221
1942	22.000000	20.961296
1943	22.000000	21.045831
1944	22.000000	21.148007
1945	22.000000	21.021489
1946	22.000000	21.081185
1947	22.000000	21.112429
1948	22.000000	17.970398
1949	22.000000	21.055920
1950	22.000000	17.959989
1951	22.000000	17.959377
1952	22.000000	21.159044
1953	22.000000	21.087933
1954	22.000000	25.458715
1955	22.000000	21.145462
1956	22.000000	25.531476
1957	22.000000	21.063493
1958	22.000000	20.815599
1959	22.000000	25.386369
1960	22.000000	25.515408
1961	22.000000	21.092152
1962	22.000000	25.391260
1963	22.000000	20.843587
1964	22.000000	21.227216
1965	22.000000	21.102286
1966	22.000000	25.264681
1967	22.000000	21.123428
1968	22.000000	25.284073
1969	22.000000	21.106511
1970	22.000000	21.137830
1971	22.000000	21.062651
1972	22.000000	21.087933
1973	22.000000	21.120043
1974	22.000000	21.124275
1975	22.000000	21.034912
1976	22.000000	25.526530
1977	22.000000	21.123428
1978	22.000000	25.172977
1979	22.000000	21.102286
1980	22.000000	25.510468
1981	22.000000	25.494427
1982	22.000000	25.520350
1983	22.000000	25.223573
1984	22.000000	25.473481
1985	22.000000	25.526530
1986	22.000000	25.572354
1987	22.000000	21.003897
1988	22.000000	25.263471
1989	22.000000	25.473481
1990	22.000000	21.070229
1991	22.000000	21.094684
1992	22.000000	21.049193
1993	22.000000	25.546325
1994	22.000000	20.951297
1995	22.000000	25.505530
1996	22.000000	25.526530
1997	22.000000	21.031554
1998	22.000000	25.294994
1999	22.000000	21.087933
2000	4.000000	21.084558
2001	4.000000	20.232305
2002	4.000000	18.355277
2003	4.000000	18.355277
2004	4.000000	18.355277
2005	4.000000	18.355277
2006	4.000000	18.355277
2007	4.000000	18.355277
2008	4.000000	2.095380
2009	4.000000	2.095380
2010	4.000000	2.095380
2011	4.000000	3.718608
2012	4.000000	3.718608
2013	4.000000	3.718608
2014	4.000000	3.718608
2015	4.000000	3.965659
2016	4.000000	3.965659
2017	4.000000	3.965659
2018	4.000000	3.907101
2019	4.000000	3.907101
2020	4.000000	3.907101
2021	4.000000	4.031944
2022	4.000000	4.031944
2023	4.000000	4.031944
2024	4.000000	4.043512
2025	4.000000	4.043512
2026	4.000000	4.043512
2027	4.000000	4.042427
2028	4.000000	4.042427
2029	4.000000	4.042427
2030	4.000000	4.020993
2031	4.000000	4.020993
2032	4.000000	4.020993
2033	4.000000	4.027292
2034	4.000000	4.027292
2035	4.000000	4.027292
2036	4.000000	4.034660
2037	4.000000	4.034660
2038	4.000000	4.034660
2039	4.000000	4.044691
2040	4.000000	4.044691
2041	4.000000	4.044691
2042	4.000000	4.034907
2043	4.000000	4.034907
2044	4.000000	4.034907
2045	4.000000	4.031049
2046	4.000000	4.031049
2047	4.000000	4.031049
2048	4.000000	4.031049
2049	4.000000	3.908433
2050	4.000000	3.908433
2051	4.000000	3.908433
2052	4.000000	4.090743
2053	4.000000	4.090743
2054	4.000000	4.090743
2055	4.000000	3.911711
2056	4.000000	3.911711
2057	4.000000	3.911711
2058	4.000000	3.913047
2059	4.000000	3.913047
2060	4.000000	3.913047
2061	4.000000	3.958541
2062	4.000000	3.958541
2063	4.000000	3.958541
2064	4.000000	3.841043
2065	4.000000	3.841043
2066	4.000000	3.841043
2067	4.000000	4.045964
2068	4.000000	4.045964
2069	4.000000	4.045964
2070	4.000000	4.045964
2071	4.000000	3.826070
2072	4.000000	3.826070
2073	4.000000	3.826070
2074	4.000000	4.096625
2075	4.000000	4.096625
2076	4.000000	4.096625
2077	4.000000	3.826542
2078	4.000000	3.826542
2079	4.000000	3.826542
2080	4.000000	4.095829
2081	4.000000	4.095829
2082	4.000000	4.095829
2083	4.000000	3.718293
2084	4.000000	3.718293
2085	4.000000	3.718293
2086	4.000000	4.232251
2087	4.000000	4.232251
2088	4.000000	4.232251
2089	4.000000	3.713028
2090	4.000000	3.713028
2091	4.000000	3.713028
2092	4.000000	4.329487
2093	4.000000	4.329487
2094	4.000000	4.329487
2095	4.000000	4.329487
2096	4.000000	4.329487
2097	4.000000	2.403110
2098	4.000000	12.427421
2099	4.000000	12.427421
2100	41.000000	12.427421
2101	41.000000	12.427421
2102	41.000000	17.859575
2103	41.000000	88.050749
2104	41.000000	33.234869
2105	41.000000	32.818916
2106	41.000000	48.555669
2107	41.000000	48.187218
2108	41.000000	33.573590
2109	41.000000	48.297607
2110	41.000000	33.484009
2111	41.000000	48.072946
2112	41.000000	47.565363
2113	41.000000	48.200438
2114	41.000000	48.240141
2115	41.000000	48.293182
2116	41.000000	55.312392
2117	41.000000	55.312392
2118	41.000000	38.525823
2119	41.000000	54.943374
